Terminal log file
Date: 18.08.2023 - 12:28:09
-----------------------------------------------
2023.08.18, 12:29:04.901, 
2023.08.18, 12:29:04.901, Stepper motor with reduction!!! (1/6)
2023.08.18, 12:29:04.901, 
2023.08.18, 12:29:04.901, Total rotation time 97.5 minutes
2023.08.18, 12:29:05.027, Time while sunlit 54.5 minutes
2023.08.18, 12:29:05.027, Time in shadow 43 minutes
2023.08.18, 12:29:05.027, 
2023.08.18, 12:29:05.027, Rotation angle 201
2023.08.18, 12:29:05.027, Motor step 0.015 degrees
2023.08.18, 12:29:05.027, Stepper motor should make 13440 steps
2023.08.18, 12:29:05.121, The sunlit side lasts 3270 seconds
2023.08.18, 12:29:05.121, One step in 243304 microseconds
2023.08.18, 12:29:05.121, Total time of orbit 5850
2023.08.18, 12:29:05.121, 
2023.08.18, 12:29:05.232, **********************************
2023.08.18, 12:29:05.232, 
2023.08.18, 12:29:13.754, The current angle is:;  0.01;  Step number is:;  0;  The Sun light:;  1;  The shadow:;  0;  Cycle number:;  1;  
2023.08.18, 12:29:23.739, The current angle is:;  0.63;  Step number is:;  41;  The Sun light:;  1;  The shadow:;  0;  Cycle number:;  1;  
2023.08.18, 12:29:33.697, The current angle is:;  1.25;  Step number is:;  82;  The Sun light:;  1;  The shadow:;  0;  Cycle number:;  1;  
2023.08.18, 12:29:43.762, The current angle is:;  1.86;  Step number is:;  123;  The Sun light:;  1;  The shadow:;  0;  Cycle number:;  1;  
2023.08.18, 12:29:53.734, The current angle is:;  2.48;  Step number is:;  164;  The Sun light:;  1;  The shadow:;  0;  Cycle number:;  1;  
2023.08.18, 12:30:03.683, The current angle is:;  3.09;  Step number is:;  205;  The Sun light:;  1;  The shadow:;  0;  Cycle number:;  1;  
2023.08.18, 12:30:13.738, The current angle is:;  3.71;  Step number is:;  246;  The Sun light:;  1;  The shadow:;  0;  Cycle number:;  1;  
2023.08.18, 12:30:23.692, The current angle is:;  4.32;  Step number is:;  287;  The Sun light:;  1;  The shadow:;  0;  Cycle number:;  1;  
2023.08.18, 12:30:33.763, The current angle is:;  4.94;  Step number is:;  328;  The Sun light:;  1;  The shadow:;  0;  Cycle number:;  1;  
2023.08.18, 12:30:43.722, The current angle is:;  5.55;  Step number is:;  369;  The Sun light:;  1;  The shadow:;  0;  Cycle number:;  1;  
2023.08.18, 12:30:53.807, The current angle is:;  6.17;  Step number is:;  410;  The Sun light:;  1;  The shadow:;  0;  Cycle number:;  1;  
2023.08.18, 12:31:03.795, The current angle is:;  6.78;  Step number is:;  451;  The Sun light:;  1;  The shadow:;  0;  Cycle number:;  1;  
2023.08.18, 12:31:13.737, The current angle is:;  7.40;  Step number is:;  492;  The Sun light:;  1;  The shadow:;  0;  Cycle number:;  1;  
2023.08.18, 12:31:23.813, The current angle is:;  8.01;  Step number is:;  533;  The Sun light:;  1;  The shadow:;  0;  Cycle number:;  1;  
2023.08.18, 12:31:33.770, The current angle is:;  8.63;  Step number is:;  574;  The Sun light:;  1;  The shadow:;  0;  Cycle number:;  1;  
2023.08.18, 12:31:43.834, The current angle is:;  9.24;  Step number is:;  615;  The Sun light:;  1;  The shadow:;  0;  Cycle number:;  1;  
2023.08.18, 12:31:53.811, The current angle is:;  9.85;  Step number is:;  656;  The Sun light:;  1;  The shadow:;  0;  Cycle number:;  1;  
2023.08.18, 12:32:03.816, The current angle is:;  10.47;  Step number is:;  697;  The Sun light:;  1;  The shadow:;  0;  Cycle number:;  1;  
2023.08.18, 12:32:13.771, The current angle is:;  11.09;  Step number is:;  738;  The Sun light:;  1;  The shadow:;  0;  Cycle number:;  1;  
2023.08.18, 12:32:23.763, The current angle is:;  11.70;  Step number is:;  779;  The Sun light:;  1;  The shadow:;  0;  Cycle number:;  1;  
2023.08.18, 12:32:33.834, The current angle is:;  12.31;  Step number is:;  820;  The Sun light:;  1;  The shadow:;  0;  Cycle number:;  1;  
2023.08.18, 12:32:43.796, The current angle is:;  12.93;  Step number is:;  861;  The Sun light:;  1;  The shadow:;  0;  Cycle number:;  1;  
2023.08.18, 12:32:53.851, The current angle is:;  13.55;  Step number is:;  902;  The Sun light:;  1;  The shadow:;  0;  Cycle number:;  1;  
2023.08.18, 12:33:03.863, The current angle is:;  14.16;  Step number is:;  943;  The Sun light:;  1;  The shadow:;  0;  Cycle number:;  1;  
2023.08.18, 12:33:13.822, The current angle is:;  14.77;  Step number is:;  984;  The Sun light:;  1;  The shadow:;  0;  Cycle number:;  1;  
2023.08.18, 12:33:23.779, The current angle is:;  15.39;  Step number is:;  1025;  The Sun light:;  1;  The shadow:;  0;  Cycle number:;  1;  
2023.08.18, 12:33:33.831, The current angle is:;  16.00;  Step number is:;  1066;  The Sun light:;  1;  The shadow:;  0;  Cycle number:;  1;  
2023.08.18, 12:33:43.790, The current angle is:;  16.62;  Step number is:;  1107;  The Sun light:;  1;  The shadow:;  0;  Cycle number:;  1;  
2023.08.18, 12:33:53.860, The current angle is:;  17.23;  Step number is:;  1148;  The Sun light:;  1;  The shadow:;  0;  Cycle number:;  1;  
2023.08.18, 12:34:03.815, The current angle is:;  17.85;  Step number is:;  1189;  The Sun light:;  1;  The shadow:;  0;  Cycle number:;  1;  
2023.08.18, 12:34:13.885, The current angle is:;  18.46;  Step number is:;  1230;  The Sun light:;  1;  The shadow:;  0;  Cycle number:;  1;  
2023.08.18, 12:34:23.850, The current angle is:;  19.08;  Step number is:;  1271;  The Sun light:;  1;  The shadow:;  0;  Cycle number:;  1;  
2023.08.18, 12:34:33.869, The current angle is:;  19.69;  Step number is:;  1312;  The Sun light:;  1;  The shadow:;  0;  Cycle number:;  1;  
2023.08.18, 12:34:43.816, The current angle is:;  20.31;  Step number is:;  1353;  The Sun light:;  1;  The shadow:;  0;  Cycle number:;  1;  
2023.08.18, 12:34:53.904, The current angle is:;  20.92;  Step number is:;  1394;  The Sun light:;  1;  The shadow:;  0;  Cycle number:;  1;  
2023.08.18, 12:35:03.849, The current angle is:;  21.54;  Step number is:;  1435;  The Sun light:;  1;  The shadow:;  0;  Cycle number:;  1;  
2023.08.18, 12:35:13.834, The current angle is:;  22.15;  Step number is:;  1476;  The Sun light:;  1;  The shadow:;  0;  Cycle number:;  1;  
2023.08.18, 12:35:23.922, The current angle is:;  22.77;  Step number is:;  1517;  The Sun light:;  1;  The shadow:;  0;  Cycle number:;  1;  
2023.08.18, 12:35:33.876, The current angle is:;  23.38;  Step number is:;  1558;  The Sun light:;  1;  The shadow:;  0;  Cycle number:;  1;  
2023.08.18, 12:35:43.841, The current angle is:;  24.00;  Step number is:;  1599;  The Sun light:;  1;  The shadow:;  0;  Cycle number:;  1;  
2023.08.18, 12:35:53.897, The current angle is:;  24.61;  Step number is:;  1640;  The Sun light:;  1;  The shadow:;  0;  Cycle number:;  1;  
2023.08.18, 12:36:03.852, The current angle is:;  25.23;  Step number is:;  1681;  The Sun light:;  1;  The shadow:;  0;  Cycle number:;  1;  
2023.08.18, 12:36:13.909, The current angle is:;  25.84;  Step number is:;  1722;  The Sun light:;  1;  The shadow:;  0;  Cycle number:;  1;  
2023.08.18, 12:36:23.873, The current angle is:;  26.46;  Step number is:;  1763;  The Sun light:;  1;  The shadow:;  0;  Cycle number:;  1;  
2023.08.18, 12:36:33.937, The current angle is:;  27.07;  Step number is:;  1804;  The Sun light:;  1;  The shadow:;  0;  Cycle number:;  1;  
2023.08.18, 12:36:43.893, The current angle is:;  27.69;  Step number is:;  1845;  The Sun light:;  1;  The shadow:;  0;  Cycle number:;  1;  
2023.08.18, 12:36:53.958, The current angle is:;  28.30;  Step number is:;  1886;  The Sun light:;  1;  The shadow:;  0;  Cycle number:;  1;  
2023.08.18, 12:37:03.934, The current angle is:;  28.92;  Step number is:;  1927;  The Sun light:;  1;  The shadow:;  0;  Cycle number:;  1;  
2023.08.18, 12:37:13.884, The current angle is:;  29.53;  Step number is:;  1968;  The Sun light:;  1;  The shadow:;  0;  Cycle number:;  1;  
2023.08.18, 12:37:23.944, The current angle is:;  30.15;  Step number is:;  2009;  The Sun light:;  1;  The shadow:;  0;  Cycle number:;  1;  
2023.08.18, 12:37:33.890, The current angle is:;  30.76;  Step number is:;  2050;  The Sun light:;  1;  The shadow:;  0;  Cycle number:;  1;  
2023.08.18, 12:37:43.911, The current angle is:;  31.38;  Step number is:;  2091;  The Sun light:;  1;  The shadow:;  0;  Cycle number:;  1;  
2023.08.18, 12:37:53.992, The current angle is:;  31.99;  Step number is:;  2132;  The Sun light:;  1;  The shadow:;  0;  Cycle number:;  1;  
2023.08.18, 12:38:03.977, The current angle is:;  32.61;  Step number is:;  2173;  The Sun light:;  1;  The shadow:;  0;  Cycle number:;  1;  
2023.08.18, 12:38:13.944, The current angle is:;  33.22;  Step number is:;  2214;  The Sun light:;  1;  The shadow:;  0;  Cycle number:;  1;  
2023.08.18, 12:38:23.931, The current angle is:;  33.84;  Step number is:;  2255;  The Sun light:;  1;  The shadow:;  0;  Cycle number:;  1;  
2023.08.18, 12:38:34.019, The current angle is:;  34.45;  Step number is:;  2296;  The Sun light:;  1;  The shadow:;  0;  Cycle number:;  1;  
2023.08.18, 12:38:43.976, The current angle is:;  35.07;  Step number is:;  2337;  The Sun light:;  1;  The shadow:;  0;  Cycle number:;  1;  
2023.08.18, 12:38:53.964, The current angle is:;  35.68;  Step number is:;  2378;  The Sun light:;  1;  The shadow:;  0;  Cycle number:;  1;  
2023.08.18, 12:39:04.036, The current angle is:;  36.30;  Step number is:;  2419;  The Sun light:;  1;  The shadow:;  0;  Cycle number:;  1;  
2023.08.18, 12:39:13.986, The current angle is:;  36.92;  Step number is:;  2460;  The Sun light:;  1;  The shadow:;  0;  Cycle number:;  1;  
2023.08.18, 12:39:23.960, The current angle is:;  37.53;  Step number is:;  2501;  The Sun light:;  1;  The shadow:;  0;  Cycle number:;  1;  
2023.08.18, 12:39:34.050, The current angle is:;  38.15;  Step number is:;  2542;  The Sun light:;  1;  The shadow:;  0;  Cycle number:;  1;  
2023.08.18, 12:39:44.013, The current angle is:;  38.76;  Step number is:;  2583;  The Sun light:;  1;  The shadow:;  0;  Cycle number:;  1;  
2023.08.18, 12:39:53.952, The current angle is:;  39.38;  Step number is:;  2624;  The Sun light:;  1;  The shadow:;  0;  Cycle number:;  1;  
2023.08.18, 12:40:04.036, The current angle is:;  39.99;  Step number is:;  2665;  The Sun light:;  1;  The shadow:;  0;  Cycle number:;  1;  
2023.08.18, 12:40:13.997, The current angle is:;  40.61;  Step number is:;  2706;  The Sun light:;  1;  The shadow:;  0;  Cycle number:;  1;  
2023.08.18, 12:40:23.973, The current angle is:;  41.22;  Step number is:;  2747;  The Sun light:;  1;  The shadow:;  0;  Cycle number:;  1;  
2023.08.18, 12:40:34.051, The current angle is:;  41.84;  Step number is:;  2788;  The Sun light:;  1;  The shadow:;  0;  Cycle number:;  1;  
2023.08.18, 12:40:44.007, The current angle is:;  42.45;  Step number is:;  2829;  The Sun light:;  1;  The shadow:;  0;  Cycle number:;  1;  
2023.08.18, 12:40:54.002, The current angle is:;  43.06;  Step number is:;  2870;  The Sun light:;  1;  The shadow:;  0;  Cycle number:;  1;  
2023.08.18, 12:41:04.087, The current angle is:;  43.68;  Step number is:;  2911;  The Sun light:;  1;  The shadow:;  0;  Cycle number:;  1;  
2023.08.18, 12:41:14.031, The current angle is:;  44.29;  Step number is:;  2952;  The Sun light:;  1;  The shadow:;  0;  Cycle number:;  1;  
2023.08.18, 12:41:23.995, The current angle is:;  44.91;  Step number is:;  2993;  The Sun light:;  1;  The shadow:;  0;  Cycle number:;  1;  
2023.08.18, 12:41:34.090, The current angle is:;  45.52;  Step number is:;  3034;  The Sun light:;  1;  The shadow:;  0;  Cycle number:;  1;  
2023.08.18, 12:41:44.102, The current angle is:;  46.14;  Step number is:;  3075;  The Sun light:;  1;  The shadow:;  0;  Cycle number:;  1;  
2023.08.18, 12:41:54.065, The current angle is:;  46.75;  Step number is:;  3116;  The Sun light:;  1;  The shadow:;  0;  Cycle number:;  1;  
2023.08.18, 12:42:04.021, The current angle is:;  47.37;  Step number is:;  3157;  The Sun light:;  1;  The shadow:;  0;  Cycle number:;  1;  
2023.08.18, 12:42:14.087, The current angle is:;  47.99;  Step number is:;  3198;  The Sun light:;  1;  The shadow:;  0;  Cycle number:;  1;  
2023.08.18, 12:42:24.044, The current angle is:;  48.60;  Step number is:;  3239;  The Sun light:;  1;  The shadow:;  0;  Cycle number:;  1;  
2023.08.18, 12:42:34.107, The current angle is:;  49.22;  Step number is:;  3280;  The Sun light:;  1;  The shadow:;  0;  Cycle number:;  1;  
2023.08.18, 12:42:44.056, The current angle is:;  49.83;  Step number is:;  3321;  The Sun light:;  1;  The shadow:;  0;  Cycle number:;  1;  
2023.08.18, 12:42:54.131, The current angle is:;  50.45;  Step number is:;  3362;  The Sun light:;  1;  The shadow:;  0;  Cycle number:;  1;  
2023.08.18, 12:43:04.100, The current angle is:;  51.06;  Step number is:;  3403;  The Sun light:;  1;  The shadow:;  0;  Cycle number:;  1;  
2023.08.18, 12:43:14.068, The current angle is:;  51.68;  Step number is:;  3444;  The Sun light:;  1;  The shadow:;  0;  Cycle number:;  1;  
2023.08.18, 12:43:24.124, The current angle is:;  52.29;  Step number is:;  3485;  The Sun light:;  1;  The shadow:;  0;  Cycle number:;  1;  
2023.08.18, 12:43:34.081, The current angle is:;  52.90;  Step number is:;  3526;  The Sun light:;  1;  The shadow:;  0;  Cycle number:;  1;  
2023.08.18, 12:43:44.148, The current angle is:;  53.52;  Step number is:;  3567;  The Sun light:;  1;  The shadow:;  0;  Cycle number:;  1;  
2023.08.18, 12:43:54.138, The current angle is:;  54.13;  Step number is:;  3608;  The Sun light:;  1;  The shadow:;  0;  Cycle number:;  1;  
2023.08.18, 12:44:04.118, The current angle is:;  54.75;  Step number is:;  3649;  The Sun light:;  1;  The shadow:;  0;  Cycle number:;  1;  
2023.08.18, 12:44:14.099, The current angle is:;  55.36;  Step number is:;  3690;  The Sun light:;  1;  The shadow:;  0;  Cycle number:;  1;  
2023.08.18, 12:44:24.168, The current angle is:;  55.98;  Step number is:;  3731;  The Sun light:;  1;  The shadow:;  0;  Cycle number:;  1;  
2023.08.18, 12:44:34.147, The current angle is:;  56.59;  Step number is:;  3772;  The Sun light:;  1;  The shadow:;  0;  Cycle number:;  1;  
2023.08.18, 12:44:44.153, The current angle is:;  57.21;  Step number is:;  3813;  The Sun light:;  1;  The shadow:;  0;  Cycle number:;  1;  
2023.08.18, 12:44:54.117, The current angle is:;  57.82;  Step number is:;  3854;  The Sun light:;  1;  The shadow:;  0;  Cycle number:;  1;  
2023.08.18, 12:45:04.184, The current angle is:;  58.44;  Step number is:;  3895;  The Sun light:;  1;  The shadow:;  0;  Cycle number:;  1;  
2023.08.18, 12:45:14.192, The current angle is:;  59.06;  Step number is:;  3936;  The Sun light:;  1;  The shadow:;  0;  Cycle number:;  1;  
2023.08.18, 12:45:24.186, The current angle is:;  59.67;  Step number is:;  3977;  The Sun light:;  1;  The shadow:;  0;  Cycle number:;  1;  
2023.08.18, 12:45:34.149, The current angle is:;  60.29;  Step number is:;  4018;  The Sun light:;  1;  The shadow:;  0;  Cycle number:;  1;  
2023.08.18, 12:45:44.128, The current angle is:;  60.90;  Step number is:;  4059;  The Sun light:;  1;  The shadow:;  0;  Cycle number:;  1;  
2023.08.18, 12:45:54.197, The current angle is:;  61.52;  Step number is:;  4100;  The Sun light:;  1;  The shadow:;  0;  Cycle number:;  1;  
2023.08.18, 12:46:04.153, The current angle is:;  62.13;  Step number is:;  4141;  The Sun light:;  1;  The shadow:;  0;  Cycle number:;  1;  
2023.08.18, 12:46:14.215, The current angle is:;  62.75;  Step number is:;  4182;  The Sun light:;  1;  The shadow:;  0;  Cycle number:;  1;  
2023.08.18, 12:46:24.175, The current angle is:;  63.36;  Step number is:;  4223;  The Sun light:;  1;  The shadow:;  0;  Cycle number:;  1;  
2023.08.18, 12:46:34.146, The current angle is:;  63.97;  Step number is:;  4264;  The Sun light:;  1;  The shadow:;  0;  Cycle number:;  1;  
*NOTE-2023.08.18@12:46:40 - LogNote Cool
2023.08.18, 12:46:44.304, The current angle is:;  64.59;  Step number is:;  4305;  The Sun light:;  1;  The shadow:;  0;  Cycle number:;  1;  
*NOTE-2023.08.18@12:46:52 - LogNote Cool
2023.08.18, 12:46:54.180, The current angle is:;  65.20;  Step number is:;  4346;  The Sun light:;  1;  The shadow:;  0;  Cycle number:;  1;  
2023.08.18, 12:47:04.228, The current angle is:;  65.82;  Step number is:;  4387;  The Sun light:;  1;  The shadow:;  0;  Cycle number:;  1;  
2023.08.18, 12:47:14.884, The current angle is:;  66.43;  Step number is:;  4428;  The Sun light:;  1;  The shadow:;  0;  Cycle number:;  1;  
2023.08.18, 12:47:24.165, The current angle is:;  67.05;  Step number is:;  4469;  The Sun light:;  1;  The shadow:;  0;  Cycle number:;  1;  
2023.08.18, 12:47:34.232, The current angle is:;  67.66;  Step number is:;  4510;  The Sun light:;  1;  The shadow:;  0;  Cycle number:;  1;  
2023.08.18, 12:47:44.187, The current angle is:;  68.28;  Step number is:;  4551;  The Sun light:;  1;  The shadow:;  0;  Cycle number:;  1;  
2023.08.18, 12:47:54.253, The current angle is:;  68.89;  Step number is:;  4592;  The Sun light:;  1;  The shadow:;  0;  Cycle number:;  1;  
2023.08.18, 12:48:04.246, The current angle is:;  69.51;  Step number is:;  4633;  The Sun light:;  1;  The shadow:;  0;  Cycle number:;  1;  
2023.08.18, 12:48:14.191, The current angle is:;  70.12;  Step number is:;  4674;  The Sun light:;  1;  The shadow:;  0;  Cycle number:;  1;  
2023.08.18, 12:48:24.253, The current angle is:;  70.74;  Step number is:;  4715;  The Sun light:;  1;  The shadow:;  0;  Cycle number:;  1;  
2023.08.18, 12:48:34.249, The current angle is:;  71.35;  Step number is:;  4756;  The Sun light:;  1;  The shadow:;  0;  Cycle number:;  1;  
2023.08.18, 12:48:44.297, The current angle is:;  71.97;  Step number is:;  4797;  The Sun light:;  1;  The shadow:;  0;  Cycle number:;  1;  
2023.08.18, 12:48:54.259, The current angle is:;  72.58;  Step number is:;  4838;  The Sun light:;  1;  The shadow:;  0;  Cycle number:;  1;  
2023.08.18, 12:49:04.231, The current angle is:;  73.20;  Step number is:;  4879;  The Sun light:;  1;  The shadow:;  0;  Cycle number:;  1;  
2023.08.18, 12:49:14.282, The current angle is:;  73.81;  Step number is:;  4920;  The Sun light:;  1;  The shadow:;  0;  Cycle number:;  1;  
2023.08.18, 12:49:24.248, The current angle is:;  74.43;  Step number is:;  4961;  The Sun light:;  1;  The shadow:;  0;  Cycle number:;  1;  
2023.08.18, 12:49:34.298, The current angle is:;  75.04;  Step number is:;  5002;  The Sun light:;  1;  The shadow:;  0;  Cycle number:;  1;  
2023.08.18, 12:49:44.265, The current angle is:;  75.66;  Step number is:;  5043;  The Sun light:;  1;  The shadow:;  0;  Cycle number:;  1;  
2023.08.18, 12:49:54.318, The current angle is:;  76.27;  Step number is:;  5084;  The Sun light:;  1;  The shadow:;  0;  Cycle number:;  1;  
2023.08.18, 12:50:04.274, The current angle is:;  76.89;  Step number is:;  5125;  The Sun light:;  1;  The shadow:;  0;  Cycle number:;  1;  
2023.08.18, 12:50:14.336, The current angle is:;  77.50;  Step number is:;  5166;  The Sun light:;  1;  The shadow:;  0;  Cycle number:;  1;  
2023.08.18, 12:50:24.311, The current angle is:;  78.12;  Step number is:;  5207;  The Sun light:;  1;  The shadow:;  0;  Cycle number:;  1;  
2023.08.18, 12:50:34.252, The current angle is:;  78.73;  Step number is:;  5248;  The Sun light:;  1;  The shadow:;  0;  Cycle number:;  1;  
2023.08.18, 12:50:44.355, The current angle is:;  79.35;  Step number is:;  5289;  The Sun light:;  1;  The shadow:;  0;  Cycle number:;  1;  
2023.08.18, 12:50:54.309, The current angle is:;  79.96;  Step number is:;  5330;  The Sun light:;  1;  The shadow:;  0;  Cycle number:;  1;  
2023.08.18, 12:51:04.296, The current angle is:;  80.58;  Step number is:;  5371;  The Sun light:;  1;  The shadow:;  0;  Cycle number:;  1;  
2023.08.18, 12:51:14.280, The current angle is:;  81.19;  Step number is:;  5412;  The Sun light:;  1;  The shadow:;  0;  Cycle number:;  1;  
2023.08.18, 12:51:24.344, The current angle is:;  81.81;  Step number is:;  5453;  The Sun light:;  1;  The shadow:;  0;  Cycle number:;  1;  
2023.08.18, 12:51:34.322, The current angle is:;  82.42;  Step number is:;  5494;  The Sun light:;  1;  The shadow:;  0;  Cycle number:;  1;  
2023.08.18, 12:51:44.280, The current angle is:;  83.04;  Step number is:;  5535;  The Sun light:;  1;  The shadow:;  0;  Cycle number:;  1;  
2023.08.18, 12:51:54.330, The current angle is:;  83.65;  Step number is:;  5576;  The Sun light:;  1;  The shadow:;  0;  Cycle number:;  1;  
2023.08.18, 12:52:04.324, The current angle is:;  84.27;  Step number is:;  5617;  The Sun light:;  1;  The shadow:;  0;  Cycle number:;  1;  
2023.08.18, 12:52:14.385, The current angle is:;  84.88;  Step number is:;  5658;  The Sun light:;  1;  The shadow:;  0;  Cycle number:;  1;  
2023.08.18, 12:52:24.370, The current angle is:;  85.50;  Step number is:;  5699;  The Sun light:;  1;  The shadow:;  0;  Cycle number:;  1;  
2023.08.18, 12:52:34.338, The current angle is:;  86.11;  Step number is:;  5740;  The Sun light:;  1;  The shadow:;  0;  Cycle number:;  1;  
2023.08.18, 12:52:44.391, The current angle is:;  86.73;  Step number is:;  5781;  The Sun light:;  1;  The shadow:;  0;  Cycle number:;  1;  
2023.08.18, 12:52:54.349, The current angle is:;  87.34;  Step number is:;  5822;  The Sun light:;  1;  The shadow:;  0;  Cycle number:;  1;  
2023.08.18, 12:53:04.410, The current angle is:;  87.96;  Step number is:;  5863;  The Sun light:;  1;  The shadow:;  0;  Cycle number:;  1;  
2023.08.18, 12:53:14.389, The current angle is:;  88.57;  Step number is:;  5904;  The Sun light:;  1;  The shadow:;  0;  Cycle number:;  1;  
2023.08.18, 12:53:24.365, The current angle is:;  89.19;  Step number is:;  5945;  The Sun light:;  1;  The shadow:;  0;  Cycle number:;  1;  
2023.08.18, 12:53:34.421, The current angle is:;  89.80;  Step number is:;  5986;  The Sun light:;  1;  The shadow:;  0;  Cycle number:;  1;  
2023.08.18, 12:53:44.375, The current angle is:;  90.42;  Step number is:;  6027;  The Sun light:;  1;  The shadow:;  0;  Cycle number:;  1;  
2023.08.18, 12:53:54.363, The current angle is:;  91.03;  Step number is:;  6068;  The Sun light:;  1;  The shadow:;  0;  Cycle number:;  1;  
2023.08.18, 12:54:04.438, The current angle is:;  91.65;  Step number is:;  6109;  The Sun light:;  1;  The shadow:;  0;  Cycle number:;  1;  
2023.08.18, 12:54:14.395, The current angle is:;  92.26;  Step number is:;  6150;  The Sun light:;  1;  The shadow:;  0;  Cycle number:;  1;  
2023.08.18, 12:54:24.392, The current angle is:;  92.88;  Step number is:;  6191;  The Sun light:;  1;  The shadow:;  0;  Cycle number:;  1;  
2023.08.18, 12:54:34.367, The current angle is:;  93.49;  Step number is:;  6232;  The Sun light:;  1;  The shadow:;  0;  Cycle number:;  1;  
2023.08.18, 12:54:44.429, The current angle is:;  94.11;  Step number is:;  6273;  The Sun light:;  1;  The shadow:;  0;  Cycle number:;  1;  
2023.08.18, 12:54:54.376, The current angle is:;  94.72;  Step number is:;  6314;  The Sun light:;  1;  The shadow:;  0;  Cycle number:;  1;  
2023.08.18, 12:55:04.450, The current angle is:;  95.34;  Step number is:;  6355;  The Sun light:;  1;  The shadow:;  0;  Cycle number:;  1;  
2023.08.18, 12:55:14.411, The current angle is:;  95.95;  Step number is:;  6396;  The Sun light:;  1;  The shadow:;  0;  Cycle number:;  1;  
2023.08.18, 12:55:24.470, The current angle is:;  96.57;  Step number is:;  6437;  The Sun light:;  1;  The shadow:;  0;  Cycle number:;  1;  
2023.08.18, 12:55:34.440, The current angle is:;  97.18;  Step number is:;  6478;  The Sun light:;  1;  The shadow:;  0;  Cycle number:;  1;  
2023.08.18, 12:55:44.410, The current angle is:;  97.80;  Step number is:;  6519;  The Sun light:;  1;  The shadow:;  0;  Cycle number:;  1;  
2023.08.18, 12:55:54.464, The current angle is:;  98.41;  Step number is:;  6560;  The Sun light:;  1;  The shadow:;  0;  Cycle number:;  1;  
2023.08.18, 12:56:04.458, The current angle is:;  99.03;  Step number is:;  6601;  The Sun light:;  1;  The shadow:;  0;  Cycle number:;  1;  
2023.08.18, 12:56:14.418, The current angle is:;  99.64;  Step number is:;  6642;  The Sun light:;  1;  The shadow:;  0;  Cycle number:;  1;  
2023.08.18, 12:56:24.470, The current angle is:;  100.26;  Step number is:;  6683;  The Sun light:;  1;  The shadow:;  0;  Cycle number:;  1;  
2023.08.18, 12:56:34.466, The current angle is:;  100.87;  Step number is:;  6724;  The Sun light:;  1;  The shadow:;  0;  Cycle number:;  1;  
2023.08.18, 12:56:44.511, The current angle is:;  101.49;  Step number is:;  6765;  The Sun light:;  1;  The shadow:;  0;  Cycle number:;  1;  
2023.08.18, 12:56:54.472, The current angle is:;  102.10;  Step number is:;  6806;  The Sun light:;  1;  The shadow:;  0;  Cycle number:;  1;  
2023.08.18, 12:57:04.435, The current angle is:;  102.72;  Step number is:;  6847;  The Sun light:;  1;  The shadow:;  0;  Cycle number:;  1;  
2023.08.18, 12:57:14.494, The current angle is:;  103.33;  Step number is:;  6888;  The Sun light:;  1;  The shadow:;  0;  Cycle number:;  1;  
2023.08.18, 12:57:24.447, The current angle is:;  103.95;  Step number is:;  6929;  The Sun light:;  1;  The shadow:;  0;  Cycle number:;  1;  
2023.08.18, 12:57:34.467, The current angle is:;  104.56;  Step number is:;  6970;  The Sun light:;  1;  The shadow:;  0;  Cycle number:;  1;  
2023.08.18, 12:57:44.545, The current angle is:;  105.18;  Step number is:;  7011;  The Sun light:;  1;  The shadow:;  0;  Cycle number:;  1;  
2023.08.18, 12:57:54.493, The current angle is:;  105.79;  Step number is:;  7052;  The Sun light:;  1;  The shadow:;  0;  Cycle number:;  1;  
2023.08.18, 12:58:04.455, The current angle is:;  106.41;  Step number is:;  7093;  The Sun light:;  1;  The shadow:;  0;  Cycle number:;  1;  
2023.08.18, 12:58:14.524, The current angle is:;  107.02;  Step number is:;  7134;  The Sun light:;  1;  The shadow:;  0;  Cycle number:;  1;  
2023.08.18, 12:58:24.500, The current angle is:;  107.64;  Step number is:;  7175;  The Sun light:;  1;  The shadow:;  0;  Cycle number:;  1;  
2023.08.18, 12:58:34.478, The current angle is:;  108.25;  Step number is:;  7216;  The Sun light:;  1;  The shadow:;  0;  Cycle number:;  1;  
2023.08.18, 12:58:44.535, The current angle is:;  108.87;  Step number is:;  7257;  The Sun light:;  1;  The shadow:;  0;  Cycle number:;  1;  
2023.08.18, 12:58:54.491, The current angle is:;  109.48;  Step number is:;  7298;  The Sun light:;  1;  The shadow:;  0;  Cycle number:;  1;  
2023.08.18, 12:59:04.572, The current angle is:;  110.10;  Step number is:;  7339;  The Sun light:;  1;  The shadow:;  0;  Cycle number:;  1;  
2023.08.18, 12:59:14.527, The current angle is:;  110.71;  Step number is:;  7380;  The Sun light:;  1;  The shadow:;  0;  Cycle number:;  1;  
2023.08.18, 12:59:24.505, The current angle is:;  111.33;  Step number is:;  7421;  The Sun light:;  1;  The shadow:;  0;  Cycle number:;  1;  
2023.08.18, 12:59:34.569, The current angle is:;  111.94;  Step number is:;  7462;  The Sun light:;  1;  The shadow:;  0;  Cycle number:;  1;  
2023.08.18, 12:59:44.523, The current angle is:;  112.56;  Step number is:;  7503;  The Sun light:;  1;  The shadow:;  0;  Cycle number:;  1;  
2023.08.18, 12:59:54.585, The current angle is:;  113.17;  Step number is:;  7544;  The Sun light:;  1;  The shadow:;  0;  Cycle number:;  1;  
2023.08.18, 13:00:04.541, The current angle is:;  113.79;  Step number is:;  7585;  The Sun light:;  1;  The shadow:;  0;  Cycle number:;  1;  
2023.08.18, 13:00:14.534, The current angle is:;  114.40;  Step number is:;  7626;  The Sun light:;  1;  The shadow:;  0;  Cycle number:;  1;  
2023.08.18, 13:00:24.610, The current angle is:;  115.02;  Step number is:;  7667;  The Sun light:;  1;  The shadow:;  0;  Cycle number:;  1;  
2023.08.18, 13:00:34.621, The current angle is:;  115.63;  Step number is:;  7708;  The Sun light:;  1;  The shadow:;  0;  Cycle number:;  1;  
2023.08.18, 13:00:44.575, The current angle is:;  116.25;  Step number is:;  7749;  The Sun light:;  1;  The shadow:;  0;  Cycle number:;  1;  
2023.08.18, 13:00:54.627, The current angle is:;  116.86;  Step number is:;  7790;  The Sun light:;  1;  The shadow:;  0;  Cycle number:;  1;  
2023.08.18, 13:01:04.580, The current angle is:;  117.48;  Step number is:;  7831;  The Sun light:;  1;  The shadow:;  0;  Cycle number:;  1;  
2023.08.18, 13:01:14.536, The current angle is:;  118.09;  Step number is:;  7872;  The Sun light:;  1;  The shadow:;  0;  Cycle number:;  1;  
2023.08.18, 13:01:24.642, The current angle is:;  118.71;  Step number is:;  7913;  The Sun light:;  1;  The shadow:;  0;  Cycle number:;  1;  
2023.08.18, 13:01:34.585, The current angle is:;  119.32;  Step number is:;  7954;  The Sun light:;  1;  The shadow:;  0;  Cycle number:;  1;  
2023.08.18, 13:01:44.576, The current angle is:;  119.94;  Step number is:;  7995;  The Sun light:;  1;  The shadow:;  0;  Cycle number:;  1;  
2023.08.18, 13:01:54.627, The current angle is:;  120.55;  Step number is:;  8036;  The Sun light:;  1;  The shadow:;  0;  Cycle number:;  1;  
2023.08.18, 13:02:04.619, The current angle is:;  121.17;  Step number is:;  8077;  The Sun light:;  1;  The shadow:;  0;  Cycle number:;  1;  
2023.08.18, 13:02:14.566, The current angle is:;  121.78;  Step number is:;  8118;  The Sun light:;  1;  The shadow:;  0;  Cycle number:;  1;  
2023.08.18, 13:02:24.629, The current angle is:;  122.40;  Step number is:;  8159;  The Sun light:;  1;  The shadow:;  0;  Cycle number:;  1;  
2023.08.18, 13:02:34.608, The current angle is:;  123.01;  Step number is:;  8200;  The Sun light:;  1;  The shadow:;  0;  Cycle number:;  1;  
2023.08.18, 13:02:44.663, The current angle is:;  123.63;  Step number is:;  8241;  The Sun light:;  1;  The shadow:;  0;  Cycle number:;  1;  
2023.08.18, 13:02:54.624, The current angle is:;  124.24;  Step number is:;  8282;  The Sun light:;  1;  The shadow:;  0;  Cycle number:;  1;  
2023.08.18, 13:03:04.685, The current angle is:;  124.86;  Step number is:;  8323;  The Sun light:;  1;  The shadow:;  0;  Cycle number:;  1;  
2023.08.18, 13:03:14.604, The current angle is:;  125.47;  Step number is:;  8364;  The Sun light:;  1;  The shadow:;  0;  Cycle number:;  1;  
2023.08.18, 13:03:24.662, The current angle is:;  126.09;  Step number is:;  8405;  The Sun light:;  1;  The shadow:;  0;  Cycle number:;  1;  
2023.08.18, 13:03:34.654, The current angle is:;  126.70;  Step number is:;  8446;  The Sun light:;  1;  The shadow:;  0;  Cycle number:;  1;  
2023.08.18, 13:03:44.622, The current angle is:;  127.32;  Step number is:;  8487;  The Sun light:;  1;  The shadow:;  0;  Cycle number:;  1;  
2023.08.18, 13:03:54.706, The current angle is:;  127.93;  Step number is:;  8528;  The Sun light:;  1;  The shadow:;  0;  Cycle number:;  1;  
2023.08.18, 13:04:04.665, The current angle is:;  128.55;  Step number is:;  8569;  The Sun light:;  1;  The shadow:;  0;  Cycle number:;  1;  
2023.08.18, 13:04:14.650, The current angle is:;  129.16;  Step number is:;  8610;  The Sun light:;  1;  The shadow:;  0;  Cycle number:;  1;  
2023.08.18, 13:04:24.723, The current angle is:;  129.78;  Step number is:;  8651;  The Sun light:;  1;  The shadow:;  0;  Cycle number:;  1;  
2023.08.18, 13:04:34.677, The current angle is:;  130.40;  Step number is:;  8692;  The Sun light:;  1;  The shadow:;  0;  Cycle number:;  1;  
2023.08.18, 13:04:44.668, The current angle is:;  131.01;  Step number is:;  8733;  The Sun light:;  1;  The shadow:;  0;  Cycle number:;  1;  
2023.08.18, 13:04:54.719, The current angle is:;  131.63;  Step number is:;  8774;  The Sun light:;  1;  The shadow:;  0;  Cycle number:;  1;  
2023.08.18, 13:05:04.676, The current angle is:;  132.24;  Step number is:;  8815;  The Sun light:;  1;  The shadow:;  0;  Cycle number:;  1;  
2023.08.18, 13:05:14.738, The current angle is:;  132.86;  Step number is:;  8856;  The Sun light:;  1;  The shadow:;  0;  Cycle number:;  1;  
2023.08.18, 13:05:24.742, The current angle is:;  133.47;  Step number is:;  8897;  The Sun light:;  1;  The shadow:;  0;  Cycle number:;  1;  
2023.08.18, 13:05:34.714, The current angle is:;  134.08;  Step number is:;  8938;  The Sun light:;  1;  The shadow:;  0;  Cycle number:;  1;  
2023.08.18, 13:05:44.668, The current angle is:;  134.70;  Step number is:;  8979;  The Sun light:;  1;  The shadow:;  0;  Cycle number:;  1;  
2023.08.18, 13:05:54.718, The current angle is:;  135.32;  Step number is:;  9020;  The Sun light:;  1;  The shadow:;  0;  Cycle number:;  1;  
2023.08.18, 13:06:04.717, The current angle is:;  135.93;  Step number is:;  9061;  The Sun light:;  1;  The shadow:;  0;  Cycle number:;  1;  
2023.08.18, 13:06:14.681, The current angle is:;  136.55;  Step number is:;  9102;  The Sun light:;  1;  The shadow:;  0;  Cycle number:;  1;  
2023.08.18, 13:06:24.737, The current angle is:;  137.16;  Step number is:;  9143;  The Sun light:;  1;  The shadow:;  0;  Cycle number:;  1;  
2023.08.18, 13:06:34.697, The current angle is:;  137.77;  Step number is:;  9184;  The Sun light:;  1;  The shadow:;  0;  Cycle number:;  1;  
2023.08.18, 13:06:44.758, The current angle is:;  138.39;  Step number is:;  9225;  The Sun light:;  1;  The shadow:;  0;  Cycle number:;  1;  
2023.08.18, 13:06:54.713, The current angle is:;  139.00;  Step number is:;  9266;  The Sun light:;  1;  The shadow:;  0;  Cycle number:;  1;  
2023.08.18, 13:07:04.701, The current angle is:;  139.62;  Step number is:;  9307;  The Sun light:;  1;  The shadow:;  0;  Cycle number:;  1;  
2023.08.18, 13:07:14.780, The current angle is:;  140.24;  Step number is:;  9348;  The Sun light:;  1;  The shadow:;  0;  Cycle number:;  1;  
2023.08.18, 13:07:24.758, The current angle is:;  140.85;  Step number is:;  9389;  The Sun light:;  1;  The shadow:;  0;  Cycle number:;  1;  
2023.08.18, 13:07:34.730, The current angle is:;  141.47;  Step number is:;  9430;  The Sun light:;  1;  The shadow:;  0;  Cycle number:;  1;  
2023.08.18, 13:07:44.809, The current angle is:;  142.08;  Step number is:;  9471;  The Sun light:;  1;  The shadow:;  0;  Cycle number:;  1;  
2023.08.18, 13:07:54.754, The current angle is:;  142.69;  Step number is:;  9512;  The Sun light:;  1;  The shadow:;  0;  Cycle number:;  1;  
2023.08.18, 13:08:04.739, The current angle is:;  143.31;  Step number is:;  9553;  The Sun light:;  1;  The shadow:;  0;  Cycle number:;  1;  
2023.08.18, 13:08:14.827, The current angle is:;  143.93;  Step number is:;  9594;  The Sun light:;  1;  The shadow:;  0;  Cycle number:;  1;  
2023.08.18, 13:08:24.826, The current angle is:;  144.54;  Step number is:;  9635;  The Sun light:;  1;  The shadow:;  0;  Cycle number:;  1;  
2023.08.18, 13:08:34.781, The current angle is:;  145.16;  Step number is:;  9676;  The Sun light:;  1;  The shadow:;  0;  Cycle number:;  1;  
2023.08.18, 13:08:44.740, The current angle is:;  145.77;  Step number is:;  9717;  The Sun light:;  1;  The shadow:;  0;  Cycle number:;  1;  
2023.08.18, 13:08:54.818, The current angle is:;  146.38;  Step number is:;  9758;  The Sun light:;  1;  The shadow:;  0;  Cycle number:;  1;  
2023.08.18, 13:09:04.780, The current angle is:;  147.00;  Step number is:;  9799;  The Sun light:;  1;  The shadow:;  0;  Cycle number:;  1;  
2023.08.18, 13:09:14.757, The current angle is:;  147.61;  Step number is:;  9840;  The Sun light:;  1;  The shadow:;  0;  Cycle number:;  1;  
2023.08.18, 13:09:24.837, The current angle is:;  148.23;  Step number is:;  9881;  The Sun light:;  1;  The shadow:;  0;  Cycle number:;  1;  
2023.08.18, 13:09:34.824, The current angle is:;  148.85;  Step number is:;  9922;  The Sun light:;  1;  The shadow:;  0;  Cycle number:;  1;  
2023.08.18, 13:09:44.776, The current angle is:;  149.46;  Step number is:;  9963;  The Sun light:;  1;  The shadow:;  0;  Cycle number:;  1;  
2023.08.18, 13:09:54.839, The current angle is:;  150.08;  Step number is:;  10004;  The Sun light:;  1;  The shadow:;  0;  Cycle number:;  1;  
2023.08.18, 13:10:04.854, The current angle is:;  150.69;  Step number is:;  10045;  The Sun light:;  1;  The shadow:;  0;  Cycle number:;  1;  
2023.08.18, 13:10:14.793, The current angle is:;  151.30;  Step number is:;  10086;  The Sun light:;  1;  The shadow:;  0;  Cycle number:;  1;  
2023.08.18, 13:10:24.869, The current angle is:;  151.92;  Step number is:;  10127;  The Sun light:;  1;  The shadow:;  0;  Cycle number:;  1;  
2023.08.18, 13:10:34.831, The current angle is:;  152.54;  Step number is:;  10168;  The Sun light:;  1;  The shadow:;  0;  Cycle number:;  1;  
2023.08.18, 13:10:44.803, The current angle is:;  153.15;  Step number is:;  10209;  The Sun light:;  1;  The shadow:;  0;  Cycle number:;  1;  
2023.08.18, 13:10:54.883, The current angle is:;  153.77;  Step number is:;  10250;  The Sun light:;  1;  The shadow:;  0;  Cycle number:;  1;  
2023.08.18, 13:11:04.849, The current angle is:;  154.38;  Step number is:;  10291;  The Sun light:;  1;  The shadow:;  0;  Cycle number:;  1;  
2023.08.18, 13:11:14.812, The current angle is:;  155.00;  Step number is:;  10332;  The Sun light:;  1;  The shadow:;  0;  Cycle number:;  1;  
2023.08.18, 13:11:24.875, The current angle is:;  155.61;  Step number is:;  10373;  The Sun light:;  1;  The shadow:;  0;  Cycle number:;  1;  
2023.08.18, 13:11:34.882, The current angle is:;  156.22;  Step number is:;  10414;  The Sun light:;  1;  The shadow:;  0;  Cycle number:;  1;  
2023.08.18, 13:11:44.846, The current angle is:;  156.84;  Step number is:;  10455;  The Sun light:;  1;  The shadow:;  0;  Cycle number:;  1;  
2023.08.18, 13:11:54.914, The current angle is:;  157.46;  Step number is:;  10496;  The Sun light:;  1;  The shadow:;  0;  Cycle number:;  1;  
2023.08.18, 13:12:04.887, The current angle is:;  158.07;  Step number is:;  10537;  The Sun light:;  1;  The shadow:;  0;  Cycle number:;  1;  
2023.08.18, 13:12:14.940, The current angle is:;  158.69;  Step number is:;  10578;  The Sun light:;  1;  The shadow:;  0;  Cycle number:;  1;  
2023.08.18, 13:12:24.910, The current angle is:;  159.30;  Step number is:;  10619;  The Sun light:;  1;  The shadow:;  0;  Cycle number:;  1;  
2023.08.18, 13:12:34.896, The current angle is:;  159.91;  Step number is:;  10660;  The Sun light:;  1;  The shadow:;  0;  Cycle number:;  1;  
2023.08.18, 13:12:44.902, The current angle is:;  160.53;  Step number is:;  10701;  The Sun light:;  1;  The shadow:;  0;  Cycle number:;  1;  
2023.08.18, 13:12:54.937, The current angle is:;  161.14;  Step number is:;  10742;  The Sun light:;  1;  The shadow:;  0;  Cycle number:;  1;  
2023.08.18, 13:13:04.911, The current angle is:;  161.76;  Step number is:;  10783;  The Sun light:;  1;  The shadow:;  0;  Cycle number:;  1;  
2023.08.18, 13:13:14.880, The current angle is:;  162.38;  Step number is:;  10824;  The Sun light:;  1;  The shadow:;  0;  Cycle number:;  1;  
2023.08.18, 13:13:24.967, The current angle is:;  162.99;  Step number is:;  10865;  The Sun light:;  1;  The shadow:;  0;  Cycle number:;  1;  
2023.08.18, 13:13:34.875, The current angle is:;  163.61;  Step number is:;  10906;  The Sun light:;  1;  The shadow:;  0;  Cycle number:;  1;  
2023.08.18, 13:13:44.921, The current angle is:;  164.22;  Step number is:;  10947;  The Sun light:;  1;  The shadow:;  0;  Cycle number:;  1;  
2023.08.18, 13:13:54.895, The current angle is:;  164.83;  Step number is:;  10988;  The Sun light:;  1;  The shadow:;  0;  Cycle number:;  1;  
2023.08.18, 13:14:04.914, The current angle is:;  165.45;  Step number is:;  11029;  The Sun light:;  1;  The shadow:;  0;  Cycle number:;  1;  
2023.08.18, 13:14:14.970, The current angle is:;  166.07;  Step number is:;  11070;  The Sun light:;  1;  The shadow:;  0;  Cycle number:;  1;  
2023.08.18, 13:14:24.947, The current angle is:;  166.68;  Step number is:;  11111;  The Sun light:;  1;  The shadow:;  0;  Cycle number:;  1;  
2023.08.18, 13:14:34.989, The current angle is:;  167.30;  Step number is:;  11152;  The Sun light:;  1;  The shadow:;  0;  Cycle number:;  1;  
2023.08.18, 13:14:44.955, The current angle is:;  167.91;  Step number is:;  11193;  The Sun light:;  1;  The shadow:;  0;  Cycle number:;  1;  
2023.08.18, 13:14:54.934, The current angle is:;  168.52;  Step number is:;  11234;  The Sun light:;  1;  The shadow:;  0;  Cycle number:;  1;  
2023.08.18, 13:15:04.997, The current angle is:;  169.14;  Step number is:;  11275;  The Sun light:;  1;  The shadow:;  0;  Cycle number:;  1;  
2023.08.18, 13:15:15.017, The current angle is:;  169.75;  Step number is:;  11316;  The Sun light:;  1;  The shadow:;  0;  Cycle number:;  1;  
2023.08.18, 13:15:25.000, The current angle is:;  170.37;  Step number is:;  11357;  The Sun light:;  1;  The shadow:;  0;  Cycle number:;  1;  
2023.08.18, 13:15:34.966, The current angle is:;  170.99;  Step number is:;  11398;  The Sun light:;  1;  The shadow:;  0;  Cycle number:;  1;  
2023.08.18, 13:15:44.932, The current angle is:;  171.60;  Step number is:;  11439;  The Sun light:;  1;  The shadow:;  0;  Cycle number:;  1;  
2023.08.18, 13:15:54.950, The current angle is:;  172.22;  Step number is:;  11480;  The Sun light:;  1;  The shadow:;  0;  Cycle number:;  1;  
2023.08.18, 13:16:04.983, The current angle is:;  172.83;  Step number is:;  11521;  The Sun light:;  1;  The shadow:;  0;  Cycle number:;  1;  
2023.08.18, 13:16:14.986, The current angle is:;  173.44;  Step number is:;  11562;  The Sun light:;  1;  The shadow:;  0;  Cycle number:;  1;  
2023.08.18, 13:16:24.957, The current angle is:;  174.06;  Step number is:;  11603;  The Sun light:;  1;  The shadow:;  0;  Cycle number:;  1;  
2023.08.18, 13:16:35.019, The current angle is:;  174.68;  Step number is:;  11644;  The Sun light:;  1;  The shadow:;  0;  Cycle number:;  1;  
2023.08.18, 13:16:45.004, The current angle is:;  175.29;  Step number is:;  11685;  The Sun light:;  1;  The shadow:;  0;  Cycle number:;  1;  
2023.08.18, 13:16:54.972, The current angle is:;  175.91;  Step number is:;  11726;  The Sun light:;  1;  The shadow:;  0;  Cycle number:;  1;  
2023.08.18, 13:17:05.039, The current angle is:;  176.52;  Step number is:;  11767;  The Sun light:;  1;  The shadow:;  0;  Cycle number:;  1;  
2023.08.18, 13:17:14.991, The current angle is:;  177.13;  Step number is:;  11808;  The Sun light:;  1;  The shadow:;  0;  Cycle number:;  1;  
2023.08.18, 13:17:25.071, The current angle is:;  177.75;  Step number is:;  11849;  The Sun light:;  1;  The shadow:;  0;  Cycle number:;  1;  
2023.08.18, 13:17:34.995, The current angle is:;  178.36;  Step number is:;  11890;  The Sun light:;  1;  The shadow:;  0;  Cycle number:;  1;  
2023.08.18, 13:17:45.078, The current angle is:;  178.98;  Step number is:;  11931;  The Sun light:;  1;  The shadow:;  0;  Cycle number:;  1;  
2023.08.18, 13:17:55.057, The current angle is:;  179.60;  Step number is:;  11972;  The Sun light:;  1;  The shadow:;  0;  Cycle number:;  1;  
2023.08.18, 13:18:05.071, The current angle is:;  180.21;  Step number is:;  12013;  The Sun light:;  1;  The shadow:;  0;  Cycle number:;  1;  
2023.08.18, 13:18:15.027, The current angle is:;  180.83;  Step number is:;  12054;  The Sun light:;  1;  The shadow:;  0;  Cycle number:;  1;  
2023.08.18, 13:18:25.106, The current angle is:;  181.44;  Step number is:;  12095;  The Sun light:;  1;  The shadow:;  0;  Cycle number:;  1;  
2023.08.18, 13:18:35.077, The current angle is:;  182.05;  Step number is:;  12136;  The Sun light:;  1;  The shadow:;  0;  Cycle number:;  1;  
2023.08.18, 13:18:45.073, The current angle is:;  182.67;  Step number is:;  12177;  The Sun light:;  1;  The shadow:;  0;  Cycle number:;  1;  
2023.08.18, 13:18:55.050, The current angle is:;  183.28;  Step number is:;  12218;  The Sun light:;  1;  The shadow:;  0;  Cycle number:;  1;  
2023.08.18, 13:19:05.092, The current angle is:;  183.90;  Step number is:;  12259;  The Sun light:;  1;  The shadow:;  0;  Cycle number:;  1;  
2023.08.18, 13:19:15.122, The current angle is:;  184.52;  Step number is:;  12300;  The Sun light:;  1;  The shadow:;  0;  Cycle number:;  1;  
2023.08.18, 13:19:25.121, The current angle is:;  185.13;  Step number is:;  12341;  The Sun light:;  1;  The shadow:;  0;  Cycle number:;  1;  
2023.08.18, 13:19:35.140, The current angle is:;  185.75;  Step number is:;  12382;  The Sun light:;  1;  The shadow:;  0;  Cycle number:;  1;  
2023.08.18, 13:19:45.095, The current angle is:;  186.36;  Step number is:;  12423;  The Sun light:;  1;  The shadow:;  0;  Cycle number:;  1;  
2023.08.18, 13:19:55.087, The current angle is:;  186.97;  Step number is:;  12464;  The Sun light:;  1;  The shadow:;  0;  Cycle number:;  1;  
2023.08.18, 13:20:05.065, The current angle is:;  187.59;  Step number is:;  12505;  The Sun light:;  1;  The shadow:;  0;  Cycle number:;  1;  
2023.08.18, 13:20:15.116, The current angle is:;  188.21;  Step number is:;  12546;  The Sun light:;  1;  The shadow:;  0;  Cycle number:;  1;  
2023.08.18, 13:20:25.080, The current angle is:;  188.82;  Step number is:;  12587;  The Sun light:;  1;  The shadow:;  0;  Cycle number:;  1;  
2023.08.18, 13:20:35.068, The current angle is:;  189.44;  Step number is:;  12628;  The Sun light:;  1;  The shadow:;  0;  Cycle number:;  1;  
2023.08.18, 13:20:45.128, The current angle is:;  190.05;  Step number is:;  12669;  The Sun light:;  1;  The shadow:;  0;  Cycle number:;  1;  
2023.08.18, 13:20:55.096, The current angle is:;  190.66;  Step number is:;  12710;  The Sun light:;  1;  The shadow:;  0;  Cycle number:;  1;  
2023.08.18, 13:21:05.163, The current angle is:;  191.28;  Step number is:;  12751;  The Sun light:;  1;  The shadow:;  0;  Cycle number:;  1;  
2023.08.18, 13:21:15.099, The current angle is:;  191.89;  Step number is:;  12792;  The Sun light:;  1;  The shadow:;  0;  Cycle number:;  1;  
2023.08.18, 13:21:25.161, The current angle is:;  192.51;  Step number is:;  12833;  The Sun light:;  1;  The shadow:;  0;  Cycle number:;  1;  
2023.08.18, 13:21:35.112, The current angle is:;  193.13;  Step number is:;  12874;  The Sun light:;  1;  The shadow:;  0;  Cycle number:;  1;  
2023.08.18, 13:21:45.126, The current angle is:;  193.74;  Step number is:;  12915;  The Sun light:;  1;  The shadow:;  0;  Cycle number:;  1;  
2023.08.18, 13:21:55.185, The current angle is:;  194.36;  Step number is:;  12956;  The Sun light:;  1;  The shadow:;  0;  Cycle number:;  1;  
2023.08.18, 13:22:05.148, The current angle is:;  194.97;  Step number is:;  12997;  The Sun light:;  1;  The shadow:;  0;  Cycle number:;  1;  
2023.08.18, 13:22:15.122, The current angle is:;  195.58;  Step number is:;  13038;  The Sun light:;  1;  The shadow:;  0;  Cycle number:;  1;  
2023.08.18, 13:22:25.116, The current angle is:;  196.20;  Step number is:;  13079;  The Sun light:;  1;  The shadow:;  0;  Cycle number:;  1;  
2023.08.18, 13:22:35.181, The current angle is:;  196.82;  Step number is:;  13120;  The Sun light:;  1;  The shadow:;  0;  Cycle number:;  1;  
2023.08.18, 13:22:45.129, The current angle is:;  197.43;  Step number is:;  13161;  The Sun light:;  1;  The shadow:;  0;  Cycle number:;  1;  
2023.08.18, 13:22:55.198, The current angle is:;  198.05;  Step number is:;  13202;  The Sun light:;  1;  The shadow:;  0;  Cycle number:;  1;  
2023.08.18, 13:23:05.165, The current angle is:;  198.66;  Step number is:;  13243;  The Sun light:;  1;  The shadow:;  0;  Cycle number:;  1;  
2023.08.18, 13:23:15.228, The current angle is:;  199.27;  Step number is:;  13284;  The Sun light:;  1;  The shadow:;  0;  Cycle number:;  1;  
2023.08.18, 13:23:25.207, The current angle is:;  199.89;  Step number is:;  13325;  The Sun light:;  1;  The shadow:;  0;  Cycle number:;  1;  
2023.08.18, 13:23:35.186, The current angle is:;  200.50;  Step number is:;  13366;  The Sun light:;  1;  The shadow:;  0;  Cycle number:;  1;  
2023.08.18, 13:23:45.215, The current angle is:;  201.12;  Step number is:;  13407;  The Sun light:;  1;  The shadow:;  0;  Cycle number:;  1;  
2023.08.18, 13:23:55.184, The current angle is:;  198.39;  Step number is:;  13225;  The Sun light:;  0;  The shadow:;  1;  Cycle number:;  1;  
2023.08.18, 13:24:05.255, The current angle is:;  183.52;  Step number is:;  12234;  The Sun light:;  0;  The shadow:;  1;  Cycle number:;  1;  
2023.08.18, 13:24:15.233, The current angle is:;  168.66;  Step number is:;  11243;  The Sun light:;  0;  The shadow:;  1;  Cycle number:;  1;  
2023.08.18, 13:24:25.197, The current angle is:;  153.80;  Step number is:;  10252;  The Sun light:;  0;  The shadow:;  1;  Cycle number:;  1;  
2023.08.18, 13:24:35.191, The current angle is:;  138.93;  Step number is:;  9261;  The Sun light:;  0;  The shadow:;  1;  Cycle number:;  1;  
2023.08.18, 13:24:45.261, The current angle is:;  124.06;  Step number is:;  8270;  The Sun light:;  0;  The shadow:;  1;  Cycle number:;  1;  
2023.08.18, 13:24:55.280, The current angle is:;  109.20;  Step number is:;  7279;  The Sun light:;  0;  The shadow:;  1;  Cycle number:;  1;  
2023.08.18, 13:25:05.202, The current angle is:;  94.33;  Step number is:;  6288;  The Sun light:;  0;  The shadow:;  1;  Cycle number:;  1;  
2023.08.18, 13:25:15.211, The current angle is:;  79.47;  Step number is:;  5297;  The Sun light:;  0;  The shadow:;  1;  Cycle number:;  1;  
2023.08.18, 13:25:25.241, The current angle is:;  64.60;  Step number is:;  4306;  The Sun light:;  0;  The shadow:;  1;  Cycle number:;  1;  
2023.08.18, 13:25:35.226, The current angle is:;  49.74;  Step number is:;  3315;  The Sun light:;  0;  The shadow:;  1;  Cycle number:;  1;  
2023.08.18, 13:25:45.282, The current angle is:;  34.88;  Step number is:;  2324;  The Sun light:;  0;  The shadow:;  1;  Cycle number:;  1;  
2023.08.18, 13:25:55.295, The current angle is:;  20.01;  Step number is:;  1333;  The Sun light:;  0;  The shadow:;  1;  Cycle number:;  1;  
2023.08.18, 13:26:05.289, The current angle is:;  5.15;  Step number is:;  342;  The Sun light:;  0;  The shadow:;  1;  Cycle number:;  1;  
2023.08.18, 13:26:15.259, The current angle is:;  0.01;  Step number is:;  0;  The Sun light:;  0;  The shadow:;  1;  Cycle number:;  1;  
2023.08.18, 13:26:25.224, The current angle is:;  0.01;  Step number is:;  0;  The Sun light:;  0;  The shadow:;  1;  Cycle number:;  1;  
2023.08.18, 13:26:35.309, The current angle is:;  0.01;  Step number is:;  0;  The Sun light:;  0;  The shadow:;  1;  Cycle number:;  1;  
2023.08.18, 13:26:45.263, The current angle is:;  0.01;  Step number is:;  0;  The Sun light:;  0;  The shadow:;  1;  Cycle number:;  1;  
2023.08.18, 13:26:55.319, The current angle is:;  0.01;  Step number is:;  0;  The Sun light:;  0;  The shadow:;  1;  Cycle number:;  1;  
2023.08.18, 13:27:05.261, The current angle is:;  0.01;  Step number is:;  0;  The Sun light:;  0;  The shadow:;  1;  Cycle number:;  1;  
2023.08.18, 13:27:15.300, The current angle is:;  0.01;  Step number is:;  0;  The Sun light:;  0;  The shadow:;  1;  Cycle number:;  1;  
2023.08.18, 13:27:25.348, The current angle is:;  0.01;  Step number is:;  0;  The Sun light:;  0;  The shadow:;  1;  Cycle number:;  1;  
2023.08.18, 13:27:35.303, The current angle is:;  0.01;  Step number is:;  0;  The Sun light:;  0;  The shadow:;  1;  Cycle number:;  1;  
2023.08.18, 13:27:45.375, The current angle is:;  0.01;  Step number is:;  0;  The Sun light:;  0;  The shadow:;  1;  Cycle number:;  1;  
2023.08.18, 13:27:55.302, The current angle is:;  0.01;  Step number is:;  0;  The Sun light:;  0;  The shadow:;  1;  Cycle number:;  1;  
2023.08.18, 13:28:05.270, The current angle is:;  0.01;  Step number is:;  0;  The Sun light:;  0;  The shadow:;  1;  Cycle number:;  1;  
2023.08.18, 13:28:15.364, The current angle is:;  0.01;  Step number is:;  0;  The Sun light:;  0;  The shadow:;  1;  Cycle number:;  1;  
2023.08.18, 13:28:25.368, The current angle is:;  0.01;  Step number is:;  0;  The Sun light:;  0;  The shadow:;  1;  Cycle number:;  1;  
2023.08.18, 13:28:35.359, The current angle is:;  0.01;  Step number is:;  0;  The Sun light:;  0;  The shadow:;  1;  Cycle number:;  1;  
2023.08.18, 13:28:45.379, The current angle is:;  0.01;  Step number is:;  0;  The Sun light:;  0;  The shadow:;  1;  Cycle number:;  1;  
2023.08.18, 13:28:55.331, The current angle is:;  0.01;  Step number is:;  0;  The Sun light:;  0;  The shadow:;  1;  Cycle number:;  1;  
2023.08.18, 13:29:05.354, The current angle is:;  0.01;  Step number is:;  0;  The Sun light:;  0;  The shadow:;  1;  Cycle number:;  1;  
2023.08.18, 13:29:15.300, The current angle is:;  0.01;  Step number is:;  0;  The Sun light:;  0;  The shadow:;  1;  Cycle number:;  1;  
2023.08.18, 13:29:25.393, The current angle is:;  0.01;  Step number is:;  0;  The Sun light:;  0;  The shadow:;  1;  Cycle number:;  1;  
2023.08.18, 13:29:35.385, The current angle is:;  0.01;  Step number is:;  0;  The Sun light:;  0;  The shadow:;  1;  Cycle number:;  1;  
2023.08.18, 13:29:45.333, The current angle is:;  0.01;  Step number is:;  0;  The Sun light:;  0;  The shadow:;  1;  Cycle number:;  1;  
2023.08.18, 13:29:55.325, The current angle is:;  0.01;  Step number is:;  0;  The Sun light:;  0;  The shadow:;  1;  Cycle number:;  1;  
2023.08.18, 13:30:05.404, The current angle is:;  0.01;  Step number is:;  0;  The Sun light:;  0;  The shadow:;  1;  Cycle number:;  1;  
2023.08.18, 13:30:15.397, The current angle is:;  0.01;  Step number is:;  0;  The Sun light:;  0;  The shadow:;  1;  Cycle number:;  1;  
2023.08.18, 13:30:25.416, The current angle is:;  0.01;  Step number is:;  0;  The Sun light:;  0;  The shadow:;  1;  Cycle number:;  1;  
2023.08.18, 13:30:35.390, The current angle is:;  0.01;  Step number is:;  0;  The Sun light:;  0;  The shadow:;  1;  Cycle number:;  1;  
2023.08.18, 13:30:45.360, The current angle is:;  0.01;  Step number is:;  0;  The Sun light:;  0;  The shadow:;  1;  Cycle number:;  1;  
2023.08.18, 13:30:55.375, The current angle is:;  0.01;  Step number is:;  0;  The Sun light:;  0;  The shadow:;  1;  Cycle number:;  1;  
2023.08.18, 13:31:05.429, The current angle is:;  0.01;  Step number is:;  0;  The Sun light:;  0;  The shadow:;  1;  Cycle number:;  1;  
2023.08.18, 13:31:15.400, The current angle is:;  0.01;  Step number is:;  0;  The Sun light:;  0;  The shadow:;  1;  Cycle number:;  1;  
2023.08.18, 13:31:25.366, The current angle is:;  0.01;  Step number is:;  0;  The Sun light:;  0;  The shadow:;  1;  Cycle number:;  1;  
2023.08.18, 13:31:35.427, The current angle is:;  0.01;  Step number is:;  0;  The Sun light:;  0;  The shadow:;  1;  Cycle number:;  1;  
2023.08.18, 13:31:45.387, The current angle is:;  0.01;  Step number is:;  0;  The Sun light:;  0;  The shadow:;  1;  Cycle number:;  1;  
2023.08.18, 13:31:55.438, The current angle is:;  0.01;  Step number is:;  0;  The Sun light:;  0;  The shadow:;  1;  Cycle number:;  1;  
2023.08.18, 13:32:05.398, The current angle is:;  0.01;  Step number is:;  0;  The Sun light:;  0;  The shadow:;  1;  Cycle number:;  1;  
2023.08.18, 13:32:15.483, The current angle is:;  0.01;  Step number is:;  0;  The Sun light:;  0;  The shadow:;  1;  Cycle number:;  1;  
2023.08.18, 13:32:25.428, The current angle is:;  0.01;  Step number is:;  0;  The Sun light:;  0;  The shadow:;  1;  Cycle number:;  1;  
2023.08.18, 13:32:35.486, The current angle is:;  0.01;  Step number is:;  0;  The Sun light:;  0;  The shadow:;  1;  Cycle number:;  1;  
2023.08.18, 13:32:45.449, The current angle is:;  0.01;  Step number is:;  0;  The Sun light:;  0;  The shadow:;  1;  Cycle number:;  1;  
2023.08.18, 13:32:55.421, The current angle is:;  0.01;  Step number is:;  0;  The Sun light:;  0;  The shadow:;  1;  Cycle number:;  1;  
2023.08.18, 13:33:05.417, The current angle is:;  0.01;  Step number is:;  0;  The Sun light:;  0;  The shadow:;  1;  Cycle number:;  1;  
2023.08.18, 13:33:15.483, The current angle is:;  0.01;  Step number is:;  0;  The Sun light:;  0;  The shadow:;  1;  Cycle number:;  1;  
2023.08.18, 13:33:25.494, The current angle is:;  0.01;  Step number is:;  0;  The Sun light:;  0;  The shadow:;  1;  Cycle number:;  1;  
2023.08.18, 13:33:35.461, The current angle is:;  0.01;  Step number is:;  0;  The Sun light:;  0;  The shadow:;  1;  Cycle number:;  1;  
2023.08.18, 13:33:45.524, The current angle is:;  0.01;  Step number is:;  0;  The Sun light:;  0;  The shadow:;  1;  Cycle number:;  1;  
2023.08.18, 13:33:55.483, The current angle is:;  0.01;  Step number is:;  0;  The Sun light:;  0;  The shadow:;  1;  Cycle number:;  1;  
2023.08.18, 13:34:05.491, The current angle is:;  0.01;  Step number is:;  0;  The Sun light:;  0;  The shadow:;  1;  Cycle number:;  1;  
2023.08.18, 13:34:15.463, The current angle is:;  0.01;  Step number is:;  0;  The Sun light:;  0;  The shadow:;  1;  Cycle number:;  1;  
2023.08.18, 13:34:25.527, The current angle is:;  0.01;  Step number is:;  0;  The Sun light:;  0;  The shadow:;  1;  Cycle number:;  1;  
2023.08.18, 13:34:35.520, The current angle is:;  0.01;  Step number is:;  0;  The Sun light:;  0;  The shadow:;  1;  Cycle number:;  1;  
2023.08.18, 13:34:45.507, The current angle is:;  0.01;  Step number is:;  0;  The Sun light:;  0;  The shadow:;  1;  Cycle number:;  1;  
2023.08.18, 13:34:55.546, The current angle is:;  0.01;  Step number is:;  0;  The Sun light:;  0;  The shadow:;  1;  Cycle number:;  1;  
2023.08.18, 13:35:05.521, The current angle is:;  0.01;  Step number is:;  0;  The Sun light:;  0;  The shadow:;  1;  Cycle number:;  1;  
2023.08.18, 13:35:15.495, The current angle is:;  0.01;  Step number is:;  0;  The Sun light:;  0;  The shadow:;  1;  Cycle number:;  1;  
2023.08.18, 13:35:25.573, The current angle is:;  0.01;  Step number is:;  0;  The Sun light:;  0;  The shadow:;  1;  Cycle number:;  1;  
2023.08.18, 13:35:35.505, The current angle is:;  0.01;  Step number is:;  0;  The Sun light:;  0;  The shadow:;  1;  Cycle number:;  1;  
2023.08.18, 13:35:45.495, The current angle is:;  0.01;  Step number is:;  0;  The Sun light:;  0;  The shadow:;  1;  Cycle number:;  1;  
2023.08.18, 13:35:55.571, The current angle is:;  0.01;  Step number is:;  0;  The Sun light:;  0;  The shadow:;  1;  Cycle number:;  1;  
2023.08.18, 13:36:05.552, The current angle is:;  0.01;  Step number is:;  0;  The Sun light:;  0;  The shadow:;  1;  Cycle number:;  1;  
2023.08.18, 13:36:15.521, The current angle is:;  0.01;  Step number is:;  0;  The Sun light:;  0;  The shadow:;  1;  Cycle number:;  1;  
2023.08.18, 13:36:25.543, The current angle is:;  0.01;  Step number is:;  0;  The Sun light:;  0;  The shadow:;  1;  Cycle number:;  1;  
2023.08.18, 13:36:36.298, The current angle is:;  0.01;  Step number is:;  0;  The Sun light:;  0;  The shadow:;  1;  Cycle number:;  1;  
2023.08.18, 13:36:45.607, The current angle is:;  0.01;  Step number is:;  0;  The Sun light:;  0;  The shadow:;  1;  Cycle number:;  1;  
2023.08.18, 13:36:55.548, The current angle is:;  0.01;  Step number is:;  0;  The Sun light:;  0;  The shadow:;  1;  Cycle number:;  1;  
2023.08.18, 13:37:05.566, The current angle is:;  0.01;  Step number is:;  0;  The Sun light:;  0;  The shadow:;  1;  Cycle number:;  1;  
2023.08.18, 13:37:15.540, The current angle is:;  0.01;  Step number is:;  0;  The Sun light:;  0;  The shadow:;  1;  Cycle number:;  1;  
2023.08.18, 13:37:25.601, The current angle is:;  0.01;  Step number is:;  0;  The Sun light:;  0;  The shadow:;  1;  Cycle number:;  1;  
2023.08.18, 13:37:35.578, The current angle is:;  0.01;  Step number is:;  0;  The Sun light:;  0;  The shadow:;  1;  Cycle number:;  1;  
2023.08.18, 13:37:45.567, The current angle is:;  0.01;  Step number is:;  0;  The Sun light:;  0;  The shadow:;  1;  Cycle number:;  1;  
2023.08.18, 13:37:55.645, The current angle is:;  0.01;  Step number is:;  0;  The Sun light:;  0;  The shadow:;  1;  Cycle number:;  1;  
2023.08.18, 13:38:05.617, The current angle is:;  0.01;  Step number is:;  0;  The Sun light:;  0;  The shadow:;  1;  Cycle number:;  1;  
2023.08.18, 13:38:15.609, The current angle is:;  0.01;  Step number is:;  0;  The Sun light:;  0;  The shadow:;  1;  Cycle number:;  1;  
2023.08.18, 13:38:25.579, The current angle is:;  0.01;  Step number is:;  0;  The Sun light:;  0;  The shadow:;  1;  Cycle number:;  1;  
2023.08.18, 13:38:35.576, The current angle is:;  0.01;  Step number is:;  0;  The Sun light:;  0;  The shadow:;  1;  Cycle number:;  1;  
2023.08.18, 13:38:45.625, The current angle is:;  0.01;  Step number is:;  0;  The Sun light:;  0;  The shadow:;  1;  Cycle number:;  1;  
2023.08.18, 13:38:55.612, The current angle is:;  0.01;  Step number is:;  0;  The Sun light:;  0;  The shadow:;  1;  Cycle number:;  1;  
2023.08.18, 13:39:05.606, The current angle is:;  0.01;  Step number is:;  0;  The Sun light:;  0;  The shadow:;  1;  Cycle number:;  1;  
2023.08.18, 13:39:15.670, The current angle is:;  0.01;  Step number is:;  0;  The Sun light:;  0;  The shadow:;  1;  Cycle number:;  1;  
2023.08.18, 13:39:25.958, The current angle is:;  0.01;  Step number is:;  0;  The Sun light:;  0;  The shadow:;  1;  Cycle number:;  1;  
2023.08.18, 13:39:35.611, The current angle is:;  0.01;  Step number is:;  0;  The Sun light:;  0;  The shadow:;  1;  Cycle number:;  1;  
2023.08.18, 13:39:45.619, The current angle is:;  0.01;  Step number is:;  0;  The Sun light:;  0;  The shadow:;  1;  Cycle number:;  1;  
2023.08.18, 13:39:55.663, The current angle is:;  0.01;  Step number is:;  0;  The Sun light:;  0;  The shadow:;  1;  Cycle number:;  1;  
2023.08.18, 13:40:05.664, The current angle is:;  0.01;  Step number is:;  0;  The Sun light:;  0;  The shadow:;  1;  Cycle number:;  1;  
2023.08.18, 13:40:15.650, The current angle is:;  0.01;  Step number is:;  0;  The Sun light:;  0;  The shadow:;  1;  Cycle number:;  1;  
2023.08.18, 13:40:25.709, The current angle is:;  0.01;  Step number is:;  0;  The Sun light:;  0;  The shadow:;  1;  Cycle number:;  1;  
2023.08.18, 13:40:35.686, The current angle is:;  0.01;  Step number is:;  0;  The Sun light:;  0;  The shadow:;  1;  Cycle number:;  1;  
2023.08.18, 13:40:45.710, The current angle is:;  0.01;  Step number is:;  0;  The Sun light:;  0;  The shadow:;  1;  Cycle number:;  1;  
2023.08.18, 13:40:55.687, The current angle is:;  0.01;  Step number is:;  0;  The Sun light:;  0;  The shadow:;  1;  Cycle number:;  1;  
2023.08.18, 13:41:05.678, The current angle is:;  0.01;  Step number is:;  0;  The Sun light:;  0;  The shadow:;  1;  Cycle number:;  1;  
2023.08.18, 13:41:15.737, The current angle is:;  0.01;  Step number is:;  0;  The Sun light:;  0;  The shadow:;  1;  Cycle number:;  1;  
2023.08.18, 13:41:25.733, The current angle is:;  0.01;  Step number is:;  0;  The Sun light:;  0;  The shadow:;  1;  Cycle number:;  1;  
2023.08.18, 13:41:35.690, The current angle is:;  0.01;  Step number is:;  0;  The Sun light:;  0;  The shadow:;  1;  Cycle number:;  1;  
2023.08.18, 13:41:45.659, The current angle is:;  0.01;  Step number is:;  0;  The Sun light:;  0;  The shadow:;  1;  Cycle number:;  1;  
2023.08.18, 13:41:55.780, The current angle is:;  0.01;  Step number is:;  0;  The Sun light:;  0;  The shadow:;  1;  Cycle number:;  1;  
2023.08.18, 13:42:05.749, The current angle is:;  0.01;  Step number is:;  0;  The Sun light:;  0;  The shadow:;  1;  Cycle number:;  1;  
2023.08.18, 13:42:15.717, The current angle is:;  0.01;  Step number is:;  0;  The Sun light:;  0;  The shadow:;  1;  Cycle number:;  1;  
2023.08.18, 13:42:25.695, The current angle is:;  0.01;  Step number is:;  0;  The Sun light:;  0;  The shadow:;  1;  Cycle number:;  1;  
2023.08.18, 13:42:35.680, The current angle is:;  0.01;  Step number is:;  0;  The Sun light:;  0;  The shadow:;  1;  Cycle number:;  1;  
2023.08.18, 13:42:45.684, The current angle is:;  0.01;  Step number is:;  0;  The Sun light:;  0;  The shadow:;  1;  Cycle number:;  1;  
2023.08.18, 13:42:55.753, The current angle is:;  0.01;  Step number is:;  0;  The Sun light:;  0;  The shadow:;  1;  Cycle number:;  1;  
2023.08.18, 13:43:05.713, The current angle is:;  0.01;  Step number is:;  0;  The Sun light:;  0;  The shadow:;  1;  Cycle number:;  1;  
2023.08.18, 13:43:15.786, The current angle is:;  0.01;  Step number is:;  0;  The Sun light:;  0;  The shadow:;  1;  Cycle number:;  1;  
2023.08.18, 13:43:25.759, The current angle is:;  0.01;  Step number is:;  0;  The Sun light:;  0;  The shadow:;  1;  Cycle number:;  1;  
2023.08.18, 13:43:35.758, The current angle is:;  0.01;  Step number is:;  0;  The Sun light:;  0;  The shadow:;  1;  Cycle number:;  1;  
2023.08.18, 13:43:45.730, The current angle is:;  0.01;  Step number is:;  0;  The Sun light:;  0;  The shadow:;  1;  Cycle number:;  1;  
2023.08.18, 13:43:55.819, The current angle is:;  0.01;  Step number is:;  0;  The Sun light:;  0;  The shadow:;  1;  Cycle number:;  1;  
2023.08.18, 13:44:05.792, The current angle is:;  0.01;  Step number is:;  0;  The Sun light:;  0;  The shadow:;  1;  Cycle number:;  1;  
2023.08.18, 13:44:15.746, The current angle is:;  0.01;  Step number is:;  0;  The Sun light:;  0;  The shadow:;  1;  Cycle number:;  1;  
2023.08.18, 13:44:25.760, The current angle is:;  0.01;  Step number is:;  0;  The Sun light:;  0;  The shadow:;  1;  Cycle number:;  1;  
2023.08.18, 13:44:35.822, The current angle is:;  0.01;  Step number is:;  0;  The Sun light:;  0;  The shadow:;  1;  Cycle number:;  1;  
2023.08.18, 13:44:45.777, The current angle is:;  0.01;  Step number is:;  0;  The Sun light:;  0;  The shadow:;  1;  Cycle number:;  1;  
2023.08.18, 13:45:01.388, The current angle is:;  0.01;  Step number is:;  0;  The Sun light:;  0;  The shadow:;  1;  Cycle number:;  1;  
2023.08.18, 13:45:05.842, The current angle is:;  0.01;  Step number is:;  0;  The Sun light:;  0;  The shadow:;  1;  Cycle number:;  1;  
2023.08.18, 13:45:15.801, The current angle is:;  0.01;  Step number is:;  0;  The Sun light:;  0;  The shadow:;  1;  Cycle number:;  1;  
2023.08.18, 13:45:25.786, The current angle is:;  0.01;  Step number is:;  0;  The Sun light:;  0;  The shadow:;  1;  Cycle number:;  1;  
2023.08.18, 13:45:35.814, The current angle is:;  0.01;  Step number is:;  0;  The Sun light:;  0;  The shadow:;  1;  Cycle number:;  1;  
2023.08.18, 13:45:45.806, The current angle is:;  0.01;  Step number is:;  0;  The Sun light:;  0;  The shadow:;  1;  Cycle number:;  1;  
2023.08.18, 13:45:55.805, The current angle is:;  0.01;  Step number is:;  0;  The Sun light:;  0;  The shadow:;  1;  Cycle number:;  1;  
2023.08.18, 13:46:05.867, The current angle is:;  0.01;  Step number is:;  0;  The Sun light:;  0;  The shadow:;  1;  Cycle number:;  1;  
2023.08.18, 13:46:15.837, The current angle is:;  0.01;  Step number is:;  0;  The Sun light:;  0;  The shadow:;  1;  Cycle number:;  1;  
2023.08.18, 13:46:25.820, The current angle is:;  0.01;  Step number is:;  0;  The Sun light:;  0;  The shadow:;  1;  Cycle number:;  1;  
2023.08.18, 13:46:35.802, The current angle is:;  0.01;  Step number is:;  0;  The Sun light:;  0;  The shadow:;  1;  Cycle number:;  1;  
2023.08.18, 13:46:45.883, The current angle is:;  0.01;  Step number is:;  0;  The Sun light:;  0;  The shadow:;  1;  Cycle number:;  1;  
2023.08.18, 13:46:55.834, The current angle is:;  0.01;  Step number is:;  0;  The Sun light:;  0;  The shadow:;  1;  Cycle number:;  1;  
2023.08.18, 13:47:05.863, The current angle is:;  0.01;  Step number is:;  0;  The Sun light:;  0;  The shadow:;  1;  Cycle number:;  1;  
2023.08.18, 13:47:15.822, The current angle is:;  0.01;  Step number is:;  0;  The Sun light:;  0;  The shadow:;  1;  Cycle number:;  1;  
2023.08.18, 13:47:25.902, The current angle is:;  0.01;  Step number is:;  0;  The Sun light:;  0;  The shadow:;  1;  Cycle number:;  1;  
2023.08.18, 13:47:35.896, The current angle is:;  0.01;  Step number is:;  0;  The Sun light:;  0;  The shadow:;  1;  Cycle number:;  1;  
2023.08.18, 13:47:45.883, The current angle is:;  0.01;  Step number is:;  0;  The Sun light:;  0;  The shadow:;  1;  Cycle number:;  1;  
2023.08.18, 13:47:55.877, The current angle is:;  0.01;  Step number is:;  0;  The Sun light:;  0;  The shadow:;  1;  Cycle number:;  1;  
2023.08.18, 13:48:05.873, The current angle is:;  0.01;  Step number is:;  0;  The Sun light:;  0;  The shadow:;  1;  Cycle number:;  1;  
2023.08.18, 13:48:15.844, The current angle is:;  0.01;  Step number is:;  0;  The Sun light:;  0;  The shadow:;  1;  Cycle number:;  1;  
2023.08.18, 13:48:25.872, The current angle is:;  0.01;  Step number is:;  0;  The Sun light:;  0;  The shadow:;  1;  Cycle number:;  1;  
2023.08.18, 13:48:35.946, The current angle is:;  0.01;  Step number is:;  0;  The Sun light:;  0;  The shadow:;  1;  Cycle number:;  1;  
2023.08.18, 13:48:45.856, The current angle is:;  0.01;  Step number is:;  0;  The Sun light:;  0;  The shadow:;  1;  Cycle number:;  1;  
2023.08.18, 13:48:55.940, The current angle is:;  0.01;  Step number is:;  0;  The Sun light:;  0;  The shadow:;  1;  Cycle number:;  1;  
2023.08.18, 13:49:05.912, The current angle is:;  0.01;  Step number is:;  0;  The Sun light:;  0;  The shadow:;  1;  Cycle number:;  1;  
2023.08.18, 13:49:15.890, The current angle is:;  0.01;  Step number is:;  0;  The Sun light:;  0;  The shadow:;  1;  Cycle number:;  1;  
2023.08.18, 13:49:25.879, The current angle is:;  0.01;  Step number is:;  0;  The Sun light:;  0;  The shadow:;  1;  Cycle number:;  1;  
2023.08.18, 13:49:35.950, The current angle is:;  0.01;  Step number is:;  0;  The Sun light:;  0;  The shadow:;  1;  Cycle number:;  1;  
2023.08.18, 13:49:45.936, The current angle is:;  0.01;  Step number is:;  0;  The Sun light:;  0;  The shadow:;  1;  Cycle number:;  1;  
2023.08.18, 13:49:55.927, The current angle is:;  0.01;  Step number is:;  0;  The Sun light:;  0;  The shadow:;  1;  Cycle number:;  1;  
2023.08.18, 13:50:05.904, The current angle is:;  0.01;  Step number is:;  0;  The Sun light:;  0;  The shadow:;  1;  Cycle number:;  1;  
2023.08.18, 13:50:15.982, The current angle is:;  0.01;  Step number is:;  0;  The Sun light:;  0;  The shadow:;  1;  Cycle number:;  1;  
2023.08.18, 13:50:25.961, The current angle is:;  0.01;  Step number is:;  0;  The Sun light:;  0;  The shadow:;  1;  Cycle number:;  1;  
2023.08.18, 13:50:35.931, The current angle is:;  0.01;  Step number is:;  0;  The Sun light:;  0;  The shadow:;  1;  Cycle number:;  1;  
2023.08.18, 13:50:45.926, The current angle is:;  0.01;  Step number is:;  0;  The Sun light:;  0;  The shadow:;  1;  Cycle number:;  1;  
2023.08.18, 13:50:55.983, The current angle is:;  0.01;  Step number is:;  0;  The Sun light:;  0;  The shadow:;  1;  Cycle number:;  1;  
2023.08.18, 13:51:05.963, The current angle is:;  0.01;  Step number is:;  0;  The Sun light:;  0;  The shadow:;  1;  Cycle number:;  1;  
2023.08.18, 13:51:15.974, The current angle is:;  0.01;  Step number is:;  0;  The Sun light:;  0;  The shadow:;  1;  Cycle number:;  1;  
2023.08.18, 13:51:25.932, The current angle is:;  0.01;  Step number is:;  0;  The Sun light:;  0;  The shadow:;  1;  Cycle number:;  1;  
2023.08.18, 13:51:35.988, The current angle is:;  0.01;  Step number is:;  0;  The Sun light:;  0;  The shadow:;  1;  Cycle number:;  1;  
2023.08.18, 13:51:45.969, The current angle is:;  0.01;  Step number is:;  0;  The Sun light:;  0;  The shadow:;  1;  Cycle number:;  1;  
2023.08.18, 13:51:55.970, The current angle is:;  0.01;  Step number is:;  0;  The Sun light:;  0;  The shadow:;  1;  Cycle number:;  1;  
2023.08.18, 13:52:06.075, The current angle is:;  0.01;  Step number is:;  0;  The Sun light:;  0;  The shadow:;  1;  Cycle number:;  1;  
2023.08.18, 13:52:16.009, The current angle is:;  0.01;  Step number is:;  0;  The Sun light:;  0;  The shadow:;  1;  Cycle number:;  1;  
2023.08.18, 13:52:25.981, The current angle is:;  0.01;  Step number is:;  0;  The Sun light:;  0;  The shadow:;  1;  Cycle number:;  1;  
2023.08.18, 13:52:35.967, The current angle is:;  0.01;  Step number is:;  0;  The Sun light:;  0;  The shadow:;  1;  Cycle number:;  1;  
2023.08.18, 13:52:46.048, The current angle is:;  0.01;  Step number is:;  0;  The Sun light:;  0;  The shadow:;  1;  Cycle number:;  1;  
2023.08.18, 13:52:56.014, The current angle is:;  0.01;  Step number is:;  0;  The Sun light:;  0;  The shadow:;  1;  Cycle number:;  1;  
2023.08.18, 13:53:06.009, The current angle is:;  0.01;  Step number is:;  0;  The Sun light:;  0;  The shadow:;  1;  Cycle number:;  1;  
2023.08.18, 13:53:16.086, The current angle is:;  0.01;  Step number is:;  0;  The Sun light:;  0;  The shadow:;  1;  Cycle number:;  1;  
2023.08.18, 13:53:26.057, The current angle is:;  0.01;  Step number is:;  0;  The Sun light:;  0;  The shadow:;  1;  Cycle number:;  1;  
2023.08.18, 13:53:36.025, The current angle is:;  0.01;  Step number is:;  0;  The Sun light:;  0;  The shadow:;  1;  Cycle number:;  1;  
2023.08.18, 13:53:46.105, The current angle is:;  0.01;  Step number is:;  0;  The Sun light:;  0;  The shadow:;  1;  Cycle number:;  1;  
2023.08.18, 13:53:56.057, The current angle is:;  0.01;  Step number is:;  0;  The Sun light:;  0;  The shadow:;  1;  Cycle number:;  1;  
2023.08.18, 13:54:06.029, The current angle is:;  0.01;  Step number is:;  0;  The Sun light:;  0;  The shadow:;  1;  Cycle number:;  1;  
2023.08.18, 13:54:16.089, The current angle is:;  0.01;  Step number is:;  0;  The Sun light:;  0;  The shadow:;  1;  Cycle number:;  1;  
2023.08.18, 13:54:26.045, The current angle is:;  0.01;  Step number is:;  0;  The Sun light:;  0;  The shadow:;  1;  Cycle number:;  1;  
2023.08.18, 13:54:36.029, The current angle is:;  0.01;  Step number is:;  0;  The Sun light:;  0;  The shadow:;  1;  Cycle number:;  1;  
2023.08.18, 13:54:46.123, The current angle is:;  0.01;  Step number is:;  0;  The Sun light:;  0;  The shadow:;  1;  Cycle number:;  1;  
2023.08.18, 13:54:56.066, The current angle is:;  0.01;  Step number is:;  0;  The Sun light:;  0;  The shadow:;  1;  Cycle number:;  1;  
2023.08.18, 13:55:06.125, The current angle is:;  0.01;  Step number is:;  0;  The Sun light:;  0;  The shadow:;  1;  Cycle number:;  1;  
2023.08.18, 13:55:16.089, The current angle is:;  0.01;  Step number is:;  0;  The Sun light:;  0;  The shadow:;  1;  Cycle number:;  1;  
2023.08.18, 13:55:26.061, The current angle is:;  0.01;  Step number is:;  0;  The Sun light:;  0;  The shadow:;  1;  Cycle number:;  1;  
2023.08.18, 13:55:36.067, The current angle is:;  0.01;  Step number is:;  0;  The Sun light:;  0;  The shadow:;  1;  Cycle number:;  1;  
2023.08.18, 13:55:46.145, The current angle is:;  0.01;  Step number is:;  0;  The Sun light:;  0;  The shadow:;  1;  Cycle number:;  1;  
2023.08.18, 13:55:56.097, The current angle is:;  0.01;  Step number is:;  0;  The Sun light:;  0;  The shadow:;  1;  Cycle number:;  1;  
2023.08.18, 13:56:06.075, The current angle is:;  0.01;  Step number is:;  0;  The Sun light:;  0;  The shadow:;  1;  Cycle number:;  1;  
2023.08.18, 13:56:16.167, The current angle is:;  0.01;  Step number is:;  0;  The Sun light:;  0;  The shadow:;  1;  Cycle number:;  1;  
2023.08.18, 13:56:26.128, The current angle is:;  0.01;  Step number is:;  0;  The Sun light:;  0;  The shadow:;  1;  Cycle number:;  1;  
2023.08.18, 13:56:36.141, The current angle is:;  0.01;  Step number is:;  0;  The Sun light:;  0;  The shadow:;  1;  Cycle number:;  1;  
2023.08.18, 13:56:46.090, The current angle is:;  0.01;  Step number is:;  0;  The Sun light:;  0;  The shadow:;  1;  Cycle number:;  1;  
2023.08.18, 13:56:56.091, The current angle is:;  0.01;  Step number is:;  0;  The Sun light:;  0;  The shadow:;  1;  Cycle number:;  1;  
2023.08.18, 13:57:06.149, The current angle is:;  0.01;  Step number is:;  0;  The Sun light:;  0;  The shadow:;  1;  Cycle number:;  1;  
2023.08.18, 13:57:16.141, The current angle is:;  0.01;  Step number is:;  0;  The Sun light:;  0;  The shadow:;  1;  Cycle number:;  1;  
2023.08.18, 13:57:26.192, The current angle is:;  0.01;  Step number is:;  0;  The Sun light:;  0;  The shadow:;  1;  Cycle number:;  1;  
2023.08.18, 13:57:36.167, The current angle is:;  0.01;  Step number is:;  0;  The Sun light:;  0;  The shadow:;  1;  Cycle number:;  1;  
2023.08.18, 13:57:46.158, The current angle is:;  0.01;  Step number is:;  0;  The Sun light:;  0;  The shadow:;  1;  Cycle number:;  1;  
2023.08.18, 13:57:56.177, The current angle is:;  0.01;  Step number is:;  0;  The Sun light:;  0;  The shadow:;  1;  Cycle number:;  1;  
2023.08.18, 13:58:06.210, The current angle is:;  0.01;  Step number is:;  0;  The Sun light:;  0;  The shadow:;  1;  Cycle number:;  1;  
2023.08.18, 13:58:16.215, The current angle is:;  0.01;  Step number is:;  0;  The Sun light:;  0;  The shadow:;  1;  Cycle number:;  1;  
2023.08.18, 13:58:26.166, The current angle is:;  0.01;  Step number is:;  0;  The Sun light:;  0;  The shadow:;  1;  Cycle number:;  1;  
2023.08.18, 13:58:36.225, The current angle is:;  0.01;  Step number is:;  0;  The Sun light:;  0;  The shadow:;  1;  Cycle number:;  1;  
2023.08.18, 13:58:46.186, The current angle is:;  0.01;  Step number is:;  0;  The Sun light:;  0;  The shadow:;  1;  Cycle number:;  1;  
2023.08.18, 13:58:56.159, The current angle is:;  0.01;  Step number is:;  0;  The Sun light:;  0;  The shadow:;  1;  Cycle number:;  1;  
2023.08.18, 13:59:06.239, The current angle is:;  0.01;  Step number is:;  0;  The Sun light:;  0;  The shadow:;  1;  Cycle number:;  1;  
2023.08.18, 13:59:16.181, The current angle is:;  0.01;  Step number is:;  0;  The Sun light:;  0;  The shadow:;  1;  Cycle number:;  1;  
2023.08.18, 13:59:26.240, The current angle is:;  0.01;  Step number is:;  0;  The Sun light:;  0;  The shadow:;  1;  Cycle number:;  1;  
2023.08.18, 13:59:36.204, The current angle is:;  0.01;  Step number is:;  0;  The Sun light:;  0;  The shadow:;  1;  Cycle number:;  1;  
2023.08.18, 13:59:46.275, The current angle is:;  0.01;  Step number is:;  0;  The Sun light:;  0;  The shadow:;  1;  Cycle number:;  1;  
2023.08.18, 13:59:56.222, The current angle is:;  0.01;  Step number is:;  0;  The Sun light:;  0;  The shadow:;  1;  Cycle number:;  1;  
2023.08.18, 14:00:06.215, The current angle is:;  0.01;  Step number is:;  0;  The Sun light:;  0;  The shadow:;  1;  Cycle number:;  1;  
2023.08.18, 14:00:16.280, The current angle is:;  0.01;  Step number is:;  0;  The Sun light:;  0;  The shadow:;  1;  Cycle number:;  1;  
2023.08.18, 14:00:26.270, The current angle is:;  0.01;  Step number is:;  0;  The Sun light:;  0;  The shadow:;  1;  Cycle number:;  1;  
2023.08.18, 14:00:36.254, The current angle is:;  0.01;  Step number is:;  0;  The Sun light:;  0;  The shadow:;  1;  Cycle number:;  1;  
2023.08.18, 14:00:46.243, The current angle is:;  0.01;  Step number is:;  0;  The Sun light:;  0;  The shadow:;  1;  Cycle number:;  1;  
2023.08.18, 14:00:56.221, The current angle is:;  0.01;  Step number is:;  0;  The Sun light:;  0;  The shadow:;  1;  Cycle number:;  1;  
2023.08.18, 14:01:06.215, The current angle is:;  0.01;  Step number is:;  0;  The Sun light:;  0;  The shadow:;  1;  Cycle number:;  1;  
2023.08.18, 14:01:16.264, The current angle is:;  0.01;  Step number is:;  0;  The Sun light:;  0;  The shadow:;  1;  Cycle number:;  1;  
2023.08.18, 14:01:26.241, The current angle is:;  0.01;  Step number is:;  0;  The Sun light:;  0;  The shadow:;  1;  Cycle number:;  1;  
2023.08.18, 14:01:36.226, The current angle is:;  0.01;  Step number is:;  0;  The Sun light:;  0;  The shadow:;  1;  Cycle number:;  1;  
2023.08.18, 14:01:46.314, The current angle is:;  0.01;  Step number is:;  0;  The Sun light:;  0;  The shadow:;  1;  Cycle number:;  1;  
2023.08.18, 14:01:56.302, The current angle is:;  0.01;  Step number is:;  0;  The Sun light:;  0;  The shadow:;  1;  Cycle number:;  1;  
2023.08.18, 14:02:06.311, The current angle is:;  0.01;  Step number is:;  0;  The Sun light:;  0;  The shadow:;  1;  Cycle number:;  1;  
2023.08.18, 14:02:16.301, The current angle is:;  0.01;  Step number is:;  0;  The Sun light:;  0;  The shadow:;  1;  Cycle number:;  1;  
2023.08.18, 14:02:26.277, The current angle is:;  0.01;  Step number is:;  0;  The Sun light:;  0;  The shadow:;  1;  Cycle number:;  1;  
2023.08.18, 14:02:36.348, The current angle is:;  0.01;  Step number is:;  0;  The Sun light:;  0;  The shadow:;  1;  Cycle number:;  1;  
2023.08.18, 14:02:46.299, The current angle is:;  0.01;  Step number is:;  0;  The Sun light:;  0;  The shadow:;  1;  Cycle number:;  1;  
2023.08.18, 14:02:56.317, The current angle is:;  0.01;  Step number is:;  0;  The Sun light:;  0;  The shadow:;  1;  Cycle number:;  1;  
2023.08.18, 14:03:06.346, The current angle is:;  0.01;  Step number is:;  0;  The Sun light:;  0;  The shadow:;  1;  Cycle number:;  1;  
2023.08.18, 14:03:16.324, The current angle is:;  0.01;  Step number is:;  0;  The Sun light:;  0;  The shadow:;  1;  Cycle number:;  1;  
2023.08.18, 14:03:26.378, The current angle is:;  0.01;  Step number is:;  0;  The Sun light:;  0;  The shadow:;  1;  Cycle number:;  1;  
2023.08.18, 14:03:36.334, The current angle is:;  0.01;  Step number is:;  0;  The Sun light:;  0;  The shadow:;  1;  Cycle number:;  1;  
2023.08.18, 14:03:46.341, The current angle is:;  0.01;  Step number is:;  0;  The Sun light:;  0;  The shadow:;  1;  Cycle number:;  1;  
2023.08.18, 14:03:56.304, The current angle is:;  0.01;  Step number is:;  0;  The Sun light:;  0;  The shadow:;  1;  Cycle number:;  1;  
2023.08.18, 14:04:06.379, The current angle is:;  0.01;  Step number is:;  0;  The Sun light:;  0;  The shadow:;  1;  Cycle number:;  1;  
2023.08.18, 14:04:16.334, The current angle is:;  0.01;  Step number is:;  0;  The Sun light:;  0;  The shadow:;  1;  Cycle number:;  1;  
2023.08.18, 14:04:26.307, The current angle is:;  0.01;  Step number is:;  0;  The Sun light:;  0;  The shadow:;  1;  Cycle number:;  1;  
2023.08.18, 14:04:36.390, The current angle is:;  0.01;  Step number is:;  0;  The Sun light:;  0;  The shadow:;  1;  Cycle number:;  1;  
2023.08.18, 14:04:46.351, The current angle is:;  0.01;  Step number is:;  0;  The Sun light:;  0;  The shadow:;  1;  Cycle number:;  1;  
2023.08.18, 14:04:56.345, The current angle is:;  0.01;  Step number is:;  0;  The Sun light:;  0;  The shadow:;  1;  Cycle number:;  1;  
2023.08.18, 14:05:06.337, The current angle is:;  0.01;  Step number is:;  0;  The Sun light:;  0;  The shadow:;  1;  Cycle number:;  1;  
2023.08.18, 14:05:16.415, The current angle is:;  0.01;  Step number is:;  0;  The Sun light:;  0;  The shadow:;  1;  Cycle number:;  1;  
2023.08.18, 14:05:26.368, The current angle is:;  0.01;  Step number is:;  0;  The Sun light:;  0;  The shadow:;  1;  Cycle number:;  1;  
2023.08.18, 14:05:36.435, The current angle is:;  0.01;  Step number is:;  0;  The Sun light:;  0;  The shadow:;  1;  Cycle number:;  1;  
2023.08.18, 14:05:46.429, The current angle is:;  0.01;  Step number is:;  0;  The Sun light:;  0;  The shadow:;  1;  Cycle number:;  1;  
2023.08.18, 14:05:56.417, The current angle is:;  0.01;  Step number is:;  0;  The Sun light:;  0;  The shadow:;  1;  Cycle number:;  1;  
2023.08.18, 14:06:06.364, The current angle is:;  0.01;  Step number is:;  0;  The Sun light:;  0;  The shadow:;  1;  Cycle number:;  1;  
2023.08.18, 14:06:16.405, The current angle is:;  0.01;  Step number is:;  0;  The Sun light:;  0;  The shadow:;  1;  Cycle number:;  1;  
2023.08.18, 14:06:26.457, The current angle is:;  0.01;  Step number is:;  0;  The Sun light:;  0;  The shadow:;  1;  Cycle number:;  1;  
2023.08.18, 14:06:36.420, The current angle is:;  0.01;  Step number is:;  0;  The Sun light:;  0;  The shadow:;  1;  Cycle number:;  1;  
2023.08.18, 14:06:46.380, The current angle is:;  0.01;  Step number is:;  0;  The Sun light:;  0;  The shadow:;  1;  Cycle number:;  1;  
2023.08.18, 14:06:54.239, Cycle finish ***************************
2023.08.18, 14:07:24.655, The current angle is:;  0.01;  Step number is:;  0;  The Sun light:;  1;  The shadow:;  0;  Cycle number:;  2;  
2023.08.18, 14:07:34.618, The current angle is:;  0.63;  Step number is:;  41;  The Sun light:;  1;  The shadow:;  0;  Cycle number:;  2;  
2023.08.18, 14:07:44.620, The current angle is:;  1.25;  Step number is:;  82;  The Sun light:;  1;  The shadow:;  0;  Cycle number:;  2;  
2023.08.18, 14:07:54.620, The current angle is:;  1.86;  Step number is:;  123;  The Sun light:;  1;  The shadow:;  0;  Cycle number:;  2;  
2023.08.18, 14:08:04.675, The current angle is:;  2.48;  Step number is:;  164;  The Sun light:;  1;  The shadow:;  0;  Cycle number:;  2;  
2023.08.18, 14:08:14.634, The current angle is:;  3.09;  Step number is:;  205;  The Sun light:;  1;  The shadow:;  0;  Cycle number:;  2;  
2023.08.18, 14:08:24.687, The current angle is:;  3.71;  Step number is:;  246;  The Sun light:;  1;  The shadow:;  0;  Cycle number:;  2;  
2023.08.18, 14:08:34.693, The current angle is:;  4.32;  Step number is:;  287;  The Sun light:;  1;  The shadow:;  0;  Cycle number:;  2;  
2023.08.18, 14:08:44.642, The current angle is:;  4.94;  Step number is:;  328;  The Sun light:;  1;  The shadow:;  0;  Cycle number:;  2;  
2023.08.18, 14:08:54.711, The current angle is:;  5.55;  Step number is:;  369;  The Sun light:;  1;  The shadow:;  0;  Cycle number:;  2;  
2023.08.18, 14:09:04.690, The current angle is:;  6.17;  Step number is:;  410;  The Sun light:;  1;  The shadow:;  0;  Cycle number:;  2;  
2023.08.18, 14:09:14.672, The current angle is:;  6.78;  Step number is:;  451;  The Sun light:;  1;  The shadow:;  0;  Cycle number:;  2;  
2023.08.18, 14:09:24.651, The current angle is:;  7.40;  Step number is:;  492;  The Sun light:;  1;  The shadow:;  0;  Cycle number:;  2;  
2023.08.18, 14:09:34.715, The current angle is:;  8.01;  Step number is:;  533;  The Sun light:;  1;  The shadow:;  0;  Cycle number:;  2;  
2023.08.18, 14:09:44.658, The current angle is:;  8.63;  Step number is:;  574;  The Sun light:;  1;  The shadow:;  0;  Cycle number:;  2;  
2023.08.18, 14:09:54.739, The current angle is:;  9.24;  Step number is:;  615;  The Sun light:;  1;  The shadow:;  0;  Cycle number:;  2;  
2023.08.18, 14:10:04.693, The current angle is:;  9.85;  Step number is:;  656;  The Sun light:;  1;  The shadow:;  0;  Cycle number:;  2;  
2023.08.18, 14:10:14.676, The current angle is:;  10.47;  Step number is:;  697;  The Sun light:;  1;  The shadow:;  0;  Cycle number:;  2;  
2023.08.18, 14:10:24.743, The current angle is:;  11.09;  Step number is:;  738;  The Sun light:;  1;  The shadow:;  0;  Cycle number:;  2;  
2023.08.18, 14:10:34.699, The current angle is:;  11.70;  Step number is:;  779;  The Sun light:;  1;  The shadow:;  0;  Cycle number:;  2;  
2023.08.18, 14:10:44.753, The current angle is:;  12.31;  Step number is:;  820;  The Sun light:;  1;  The shadow:;  0;  Cycle number:;  2;  
2023.08.18, 14:10:54.703, The current angle is:;  12.93;  Step number is:;  861;  The Sun light:;  1;  The shadow:;  0;  Cycle number:;  2;  
2023.08.18, 14:11:04.765, The current angle is:;  13.55;  Step number is:;  902;  The Sun light:;  1;  The shadow:;  0;  Cycle number:;  2;  
2023.08.18, 14:11:14.743, The current angle is:;  14.16;  Step number is:;  943;  The Sun light:;  1;  The shadow:;  0;  Cycle number:;  2;  
2023.08.18, 14:11:24.728, The current angle is:;  14.77;  Step number is:;  984;  The Sun light:;  1;  The shadow:;  0;  Cycle number:;  2;  
2023.08.18, 14:11:34.787, The current angle is:;  15.39;  Step number is:;  1025;  The Sun light:;  1;  The shadow:;  0;  Cycle number:;  2;  
2023.08.18, 14:11:44.751, The current angle is:;  16.00;  Step number is:;  1066;  The Sun light:;  1;  The shadow:;  0;  Cycle number:;  2;  
2023.08.18, 14:11:54.719, The current angle is:;  16.62;  Step number is:;  1107;  The Sun light:;  1;  The shadow:;  0;  Cycle number:;  2;  
2023.08.18, 14:12:04.717, The current angle is:;  17.23;  Step number is:;  1148;  The Sun light:;  1;  The shadow:;  0;  Cycle number:;  2;  
2023.08.18, 14:12:14.794, The current angle is:;  17.85;  Step number is:;  1189;  The Sun light:;  1;  The shadow:;  0;  Cycle number:;  2;  
2023.08.18, 14:12:24.749, The current angle is:;  18.46;  Step number is:;  1230;  The Sun light:;  1;  The shadow:;  0;  Cycle number:;  2;  
2023.08.18, 14:12:34.816, The current angle is:;  19.08;  Step number is:;  1271;  The Sun light:;  1;  The shadow:;  0;  Cycle number:;  2;  
2023.08.18, 14:12:44.790, The current angle is:;  19.69;  Step number is:;  1312;  The Sun light:;  1;  The shadow:;  0;  Cycle number:;  2;  
2023.08.18, 14:12:54.736, The current angle is:;  20.31;  Step number is:;  1353;  The Sun light:;  1;  The shadow:;  0;  Cycle number:;  2;  
2023.08.18, 14:13:04.804, The current angle is:;  20.92;  Step number is:;  1394;  The Sun light:;  1;  The shadow:;  0;  Cycle number:;  2;  
2023.08.18, 14:13:14.748, The current angle is:;  21.54;  Step number is:;  1435;  The Sun light:;  1;  The shadow:;  0;  Cycle number:;  2;  
2023.08.18, 14:13:24.824, The current angle is:;  22.15;  Step number is:;  1476;  The Sun light:;  1;  The shadow:;  0;  Cycle number:;  2;  
2023.08.18, 14:13:34.795, The current angle is:;  22.77;  Step number is:;  1517;  The Sun light:;  1;  The shadow:;  0;  Cycle number:;  2;  
2023.08.18, 14:13:44.849, The current angle is:;  23.38;  Step number is:;  1558;  The Sun light:;  1;  The shadow:;  0;  Cycle number:;  2;  
2023.08.18, 14:13:54.846, The current angle is:;  24.00;  Step number is:;  1599;  The Sun light:;  1;  The shadow:;  0;  Cycle number:;  2;  
2023.08.18, 14:14:04.801, The current angle is:;  24.61;  Step number is:;  1640;  The Sun light:;  1;  The shadow:;  0;  Cycle number:;  2;  
2023.08.18, 14:14:14.813, The current angle is:;  25.23;  Step number is:;  1681;  The Sun light:;  1;  The shadow:;  0;  Cycle number:;  2;  
2023.08.18, 14:14:24.788, The current angle is:;  25.84;  Step number is:;  1722;  The Sun light:;  1;  The shadow:;  0;  Cycle number:;  2;  
2023.08.18, 14:14:34.870, The current angle is:;  26.46;  Step number is:;  1763;  The Sun light:;  1;  The shadow:;  0;  Cycle number:;  2;  
2023.08.18, 14:14:44.821, The current angle is:;  27.07;  Step number is:;  1804;  The Sun light:;  1;  The shadow:;  0;  Cycle number:;  2;  
2023.08.18, 14:14:54.878, The current angle is:;  27.69;  Step number is:;  1845;  The Sun light:;  1;  The shadow:;  0;  Cycle number:;  2;  
2023.08.18, 14:15:04.836, The current angle is:;  28.30;  Step number is:;  1886;  The Sun light:;  1;  The shadow:;  0;  Cycle number:;  2;  
2023.08.18, 14:15:14.893, The current angle is:;  28.92;  Step number is:;  1927;  The Sun light:;  1;  The shadow:;  0;  Cycle number:;  2;  
2023.08.18, 14:15:24.844, The current angle is:;  29.53;  Step number is:;  1968;  The Sun light:;  1;  The shadow:;  0;  Cycle number:;  2;  
2023.08.18, 14:15:34.800, The current angle is:;  30.15;  Step number is:;  2009;  The Sun light:;  1;  The shadow:;  0;  Cycle number:;  2;  

-----------------------------------------------
Date: 18.08.2023 - 14:15:38
End log file
